C:\Users\ariqf\Kuliah\KP\Workspace\fast_keypoint_detection\fast_keypoint_detection\hls\.autopilot\db\fast_keypoint_detection.pp.0.cpp:2390:5: warning: Added loop label VITIS_LOOP_676_1:   [xilinx-label-all-loops]
    for (unsigned i = low; i != high+1; ++i) {
    ^~~
    VITIS_LOOP_676_1: 
C:\Users\ariqf\Kuliah\KP\Workspace\fast_keypoint_detection\fast_keypoint_detection\hls\.autopilot\db\fast_keypoint_detection.pp.0.cpp:2390:5: note: FIX-IT applied suggested code changes
C:\Users\ariqf\Kuliah\KP\Workspace\fast_keypoint_detection\fast_keypoint_detection\hls\.autopilot\db\fast_keypoint_detection.pp.0.cpp:2404:5: warning: Added loop label VITIS_LOOP_690_1:   [xilinx-label-all-loops]
    for (unsigned i = low; i != high+1; ++i) {
    ^~~
    VITIS_LOOP_690_1: 
C:\Users\ariqf\Kuliah\KP\Workspace\fast_keypoint_detection\fast_keypoint_detection\hls\.autopilot\db\fast_keypoint_detection.pp.0.cpp:2404:5: note: FIX-IT applied suggested code changes
C:\Users\ariqf\Kuliah\KP\Workspace\fast_keypoint_detection\fast_keypoint_detection\hls\.autopilot\db\fast_keypoint_detection.pp.0.cpp:2418:5: warning: Added loop label VITIS_LOOP_704_1:   [xilinx-label-all-loops]
    for (unsigned i = low; i != high+1; ++i) {
    ^~~
    VITIS_LOOP_704_1: 
C:\Users\ariqf\Kuliah\KP\Workspace\fast_keypoint_detection\fast_keypoint_detection\hls\.autopilot\db\fast_keypoint_detection.pp.0.cpp:2418:5: note: FIX-IT applied suggested code changes
C:\Users\ariqf\Kuliah\KP\Workspace\fast_keypoint_detection\fast_keypoint_detection\hls\.autopilot\db\fast_keypoint_detection.pp.0.cpp:4052:7: warning: Added loop label VITIS_LOOP_1248_1:   [xilinx-label-all-loops]
      for (i = 0; i < __N - 1; ++i) {
      ^~~
      VITIS_LOOP_1248_1: 
C:\Users\ariqf\Kuliah\KP\Workspace\fast_keypoint_detection\fast_keypoint_detection\hls\.autopilot\db\fast_keypoint_detection.pp.0.cpp:4052:7: note: FIX-IT applied suggested code changes
C:\Users\ariqf\Kuliah\KP\Workspace\fast_keypoint_detection\fast_keypoint_detection\hls\.autopilot\db\fast_keypoint_detection.pp.0.cpp:5882:2: warning: Added loop label VITIS_LOOP_22_1:   [xilinx-label-all-loops]
 for (int x = 0; x < width; x++) {
 ^~~
 VITIS_LOOP_22_1: 
C:\Users\ariqf\Kuliah\KP\Workspace\fast_keypoint_detection\fast_keypoint_detection\hls\.autopilot\db\fast_keypoint_detection.pp.0.cpp:5882:2: note: FIX-IT applied suggested code changes
C:\Users\ariqf\Kuliah\KP\Workspace\fast_keypoint_detection\fast_keypoint_detection\hls\.autopilot\db\fast_keypoint_detection.pp.0.cpp:5891:9: warning: Added loop label VITIS_LOOP_31_2:   [xilinx-label-all-loops]
        for (int x = 3; x < width - 3; x++) {
        ^~~
        VITIS_LOOP_31_2: 
C:\Users\ariqf\Kuliah\KP\Workspace\fast_keypoint_detection\fast_keypoint_detection\hls\.autopilot\db\fast_keypoint_detection.pp.0.cpp:5891:9: note: FIX-IT applied suggested code changes
C:\Users\ariqf\Kuliah\KP\Workspace\fast_keypoint_detection\fast_keypoint_detection\hls\.autopilot\db\fast_keypoint_detection.pp.0.cpp:5897:13: warning: Added loop label VITIS_LOOP_37_3:   [xilinx-label-all-loops]
            for (int i = 0; i < 16; i++) {
            ^~~
            VITIS_LOOP_37_3: 
C:\Users\ariqf\Kuliah\KP\Workspace\fast_keypoint_detection\fast_keypoint_detection\hls\.autopilot\db\fast_keypoint_detection.pp.0.cpp:5897:13: note: FIX-IT applied suggested code changes
