

================================================================
== Vitis HLS Report for 'fast_keypoint_detection'
================================================================
* Date:           Thu Jan 30 15:57:21 2025

* Version:        2024.2 (Build 5238294 on Nov  8 2024)
* Project:        fast_keypoint_detection
* Solution:       hls (Vivado IP Flow Target)
* Product family: zynq
* Target device:  xc7z020-clg484-1


================================================================
== Performance Estimates
================================================================
+ Timing: 
    * Summary: 
    +--------+----------+----------+------------+
    |  Clock |  Target  | Estimated| Uncertainty|
    +--------+----------+----------+------------+
    |ap_clk  |  10.00 ns|  7.249 ns|     2.70 ns|
    +--------+----------+----------+------------+

+ Latency: 
    * Summary: 
    +---------+---------+----------+-----------+-----+---------+---------+
    |  Latency (cycles) |  Latency (absolute)  |    Interval   | Pipeline|
    |   min   |   max   |    min   |    max    | min |   max   |   Type  |
    +---------+---------+----------+-----------+-----+---------+---------+
    |       24|  6239327|  0.240 us|  62.393 ms|   25|  6239328|       no|
    +---------+---------+----------+-----------+-----+---------+---------+

    + Detail: 
        * Instance: 
        +--------------------------------------------------------------------------------+---------------------------------------------------------------------+---------+---------+-----------+-----------+-----+---------+------------------------------------------------+
        |                                                                                |                                                                     |  Latency (cycles) |   Latency (absolute)  |    Interval   |                    Pipeline                    |
        |                                    Instance                                    |                                Module                               |   min   |   max   |    min    |    max    | min |   max   |                      Type                      |
        +--------------------------------------------------------------------------------+---------------------------------------------------------------------+---------+---------+-----------+-----------+-----+---------+------------------------------------------------+
        |grp_fast_keypoint_detection_Pipeline_image_load_VITIS_LOOP_22_1_fu_296          |fast_keypoint_detection_Pipeline_image_load_VITIS_LOOP_22_1          |       17|  2073616|   0.170 us|  20.736 ms|    2|  2073601|  loop auto-rewind stp (delay=0 clock cycles(s))|
        |grp_fast_keypoint_detection_Pipeline_keypoint_detection_VITIS_LOOP_31_2_fu_528  |fast_keypoint_detection_Pipeline_keypoint_detection_VITIS_LOOP_31_2  |        2|  4165706|  20.000 ns|  41.657 ms|    1|  4165682|  loop auto-rewind stp (delay=0 clock cycles(s))|
        +--------------------------------------------------------------------------------+---------------------------------------------------------------------+---------+---------+-----------+-----------+-----+---------+------------------------------------------------+

        * Loop: 
        N/A



================================================================
== Utilization Estimates
================================================================
* Summary: 
+-----------------+---------+-----+--------+-------+-----+
|       Name      | BRAM_18K| DSP |   FF   |  LUT  | URAM|
+-----------------+---------+-----+--------+-------+-----+
|DSP              |        -|    -|       -|      -|    -|
|Expression       |        -|    -|       0|    100|    -|
|FIFO             |        -|    -|       -|      -|    -|
|Instance         |        0|   10|    3805|  18434|    -|
|Memory           |     1792|    -|       0|      0|    0|
|Multiplexer      |        -|    -|       0|   4199|    -|
|Register         |        -|    -|     144|      -|    -|
+-----------------+---------+-----+--------+-------+-----+
|Total            |     1792|   10|    3949|  22733|    0|
+-----------------+---------+-----+--------+-------+-----+
|Available        |      280|  220|  106400|  53200|    0|
+-----------------+---------+-----+--------+-------+-----+
|Utilization (%)  |      640|    4|       3|     42|    0|
+-----------------+---------+-----+--------+-------+-----+

+ Detail: 
    * Instance: 
    +--------------------------------------------------------------------------------+---------------------------------------------------------------------+---------+----+------+-------+-----+
    |                                    Instance                                    |                                Module                               | BRAM_18K| DSP|  FF  |  LUT  | URAM|
    +--------------------------------------------------------------------------------+---------------------------------------------------------------------+---------+----+------+-------+-----+
    |control_s_axi_U                                                                 |control_s_axi                                                        |        0|   0|    64|     84|    0|
    |grp_fast_keypoint_detection_Pipeline_image_load_VITIS_LOOP_22_1_fu_296          |fast_keypoint_detection_Pipeline_image_load_VITIS_LOOP_22_1          |        0|   1|   608|    525|    0|
    |grp_fast_keypoint_detection_Pipeline_keypoint_detection_VITIS_LOOP_31_2_fu_528  |fast_keypoint_detection_Pipeline_keypoint_detection_VITIS_LOOP_31_2  |        0|   7|  3133|  17813|    0|
    |mul_11ns_11ns_22_1_1_U386                                                       |mul_11ns_11ns_22_1_1                                                 |        0|   1|     0|      6|    0|
    |mul_12ns_12ns_24_1_1_U387                                                       |mul_12ns_12ns_24_1_1                                                 |        0|   1|     0|      6|    0|
    +--------------------------------------------------------------------------------+---------------------------------------------------------------------+---------+----+------+-------+-----+
    |Total                                                                           |                                                                     |        0|  10|  3805|  18434|    0|
    +--------------------------------------------------------------------------------+---------------------------------------------------------------------+---------+----+------+-------+-----+

    * DSP: 
    N/A

    * Memory: 
    +-----------------------------------------------------------------------------------------+----------------------------------------------------------------------------------+---------+---+----+-----+-------+-----+------+-------------+
    |                                          Memory                                         |                                      Module                                      | BRAM_18K| FF| LUT| URAM| Words | Bits| Banks| W*Bits*Banks|
    +-----------------------------------------------------------------------------------------+----------------------------------------------------------------------------------+---------+---+----+-----+-------+-----+------+-------------+
    |p_ZZ23fast_keypoint_detectionRN3hls6streamI7ap_uintILi8EELi0EEERNS0_I8KeypointLi0_104_U  |p_ZZ23fast_keypoint_detectionRN3hls6streamI7ap_uintILi8EELi0EEERNS0_I8Keypoinbkb  |       16|  0|   0|    0|  18600|    8|     1|       148800|
    |p_ZZ23fast_keypoint_detectionRN3hls6streamI7ap_uintILi8EELi0EEERNS0_I8KeypointLi0_105_U  |p_ZZ23fast_keypoint_detectionRN3hls6streamI7ap_uintILi8EELi0EEERNS0_I8Keypoinbkb  |       16|  0|   0|    0|  18600|    8|     1|       148800|
    |p_ZZ23fast_keypoint_detectionRN3hls6streamI7ap_uintILi8EELi0EEERNS0_I8KeypointLi0_106_U  |p_ZZ23fast_keypoint_detectionRN3hls6streamI7ap_uintILi8EELi0EEERNS0_I8Keypoinbkb  |       16|  0|   0|    0|  18600|    8|     1|       148800|
    |p_ZZ23fast_keypoint_detectionRN3hls6streamI7ap_uintILi8EELi0EEERNS0_I8KeypointLi0_107_U  |p_ZZ23fast_keypoint_detectionRN3hls6streamI7ap_uintILi8EELi0EEERNS0_I8Keypoinbkb  |       16|  0|   0|    0|  18600|    8|     1|       148800|
    |p_ZZ23fast_keypoint_detectionRN3hls6streamI7ap_uintILi8EELi0EEERNS0_I8KeypointLi0_108_U  |p_ZZ23fast_keypoint_detectionRN3hls6streamI7ap_uintILi8EELi0EEERNS0_I8Keypoinbkb  |       16|  0|   0|    0|  18600|    8|     1|       148800|
    |p_ZZ23fast_keypoint_detectionRN3hls6streamI7ap_uintILi8EELi0EEERNS0_I8KeypointLi0_99_U   |p_ZZ23fast_keypoint_detectionRN3hls6streamI7ap_uintILi8EELi0EEERNS0_I8Keypoinbkb  |       16|  0|   0|    0|  18600|    8|     1|       148800|
    |p_ZZ23fast_keypoint_detectionRN3hls6streamI7ap_uintILi8EELi0EEERNS0_I8KeypointLi0_98_U   |p_ZZ23fast_keypoint_detectionRN3hls6streamI7ap_uintILi8EELi0EEERNS0_I8Keypoinbkb  |       16|  0|   0|    0|  18600|    8|     1|       148800|
    |p_ZZ23fast_keypoint_detectionRN3hls6streamI7ap_uintILi8EELi0EEERNS0_I8KeypointLi0_62_U   |p_ZZ23fast_keypoint_detectionRN3hls6streamI7ap_uintILi8EELi0EEERNS0_I8Keypoinbkb  |       16|  0|   0|    0|  18600|    8|     1|       148800|
    |p_ZZ23fast_keypoint_detectionRN3hls6streamI7ap_uintILi8EELi0EEERNS0_I8KeypointLi0_61_U   |p_ZZ23fast_keypoint_detectionRN3hls6streamI7ap_uintILi8EELi0EEERNS0_I8Keypoinbkb  |       16|  0|   0|    0|  18600|    8|     1|       148800|
    |p_ZZ23fast_keypoint_detectionRN3hls6streamI7ap_uintILi8EELi0EEERNS0_I8KeypointLi0_60_U   |p_ZZ23fast_keypoint_detectionRN3hls6streamI7ap_uintILi8EELi0EEERNS0_I8Keypoinbkb  |       16|  0|   0|    0|  18600|    8|     1|       148800|
    |p_ZZ23fast_keypoint_detectionRN3hls6streamI7ap_uintILi8EELi0EEERNS0_I8KeypointLi0_59_U   |p_ZZ23fast_keypoint_detectionRN3hls6streamI7ap_uintILi8EELi0EEERNS0_I8Keypoinbkb  |       16|  0|   0|    0|  18600|    8|     1|       148800|
    |p_ZZ23fast_keypoint_detectionRN3hls6streamI7ap_uintILi8EELi0EEERNS0_I8KeypointLi0_58_U   |p_ZZ23fast_keypoint_detectionRN3hls6streamI7ap_uintILi8EELi0EEERNS0_I8Keypoinbkb  |       16|  0|   0|    0|  18600|    8|     1|       148800|
    |p_ZZ23fast_keypoint_detectionRN3hls6streamI7ap_uintILi8EELi0EEERNS0_I8KeypointLi0_57_U   |p_ZZ23fast_keypoint_detectionRN3hls6streamI7ap_uintILi8EELi0EEERNS0_I8Keypoinbkb  |       16|  0|   0|    0|  18600|    8|     1|       148800|
    |p_ZZ23fast_keypoint_detectionRN3hls6streamI7ap_uintILi8EELi0EEERNS0_I8KeypointLi0_56_U   |p_ZZ23fast_keypoint_detectionRN3hls6streamI7ap_uintILi8EELi0EEERNS0_I8Keypoinbkb  |       16|  0|   0|    0|  18600|    8|     1|       148800|
    |p_ZZ23fast_keypoint_detectionRN3hls6streamI7ap_uintILi8EELi0EEERNS0_I8KeypointLi0_55_U   |p_ZZ23fast_keypoint_detectionRN3hls6streamI7ap_uintILi8EELi0EEERNS0_I8Keypoinbkb  |       16|  0|   0|    0|  18600|    8|     1|       148800|
    |p_ZZ23fast_keypoint_detectionRN3hls6streamI7ap_uintILi8EELi0EEERNS0_I8KeypointLi0_54_U   |p_ZZ23fast_keypoint_detectionRN3hls6streamI7ap_uintILi8EELi0EEERNS0_I8Keypoinbkb  |       16|  0|   0|    0|  18600|    8|     1|       148800|
    |p_ZZ23fast_keypoint_detectionRN3hls6streamI7ap_uintILi8EELi0EEERNS0_I8KeypointLi0_53_U   |p_ZZ23fast_keypoint_detectionRN3hls6streamI7ap_uintILi8EELi0EEERNS0_I8Keypoinbkb  |       16|  0|   0|    0|  18600|    8|     1|       148800|
    |p_ZZ23fast_keypoint_detectionRN3hls6streamI7ap_uintILi8EELi0EEERNS0_I8KeypointLi0_52_U   |p_ZZ23fast_keypoint_detectionRN3hls6streamI7ap_uintILi8EELi0EEERNS0_I8Keypoinbkb  |       16|  0|   0|    0|  18600|    8|     1|       148800|
    |p_ZZ23fast_keypoint_detectionRN3hls6streamI7ap_uintILi8EELi0EEERNS0_I8KeypointLi0_51_U   |p_ZZ23fast_keypoint_detectionRN3hls6streamI7ap_uintILi8EELi0EEERNS0_I8Keypoinbkb  |       16|  0|   0|    0|  18600|    8|     1|       148800|
    |p_ZZ23fast_keypoint_detectionRN3hls6streamI7ap_uintILi8EELi0EEERNS0_I8KeypointLi0_50_U   |p_ZZ23fast_keypoint_detectionRN3hls6streamI7ap_uintILi8EELi0EEERNS0_I8Keypoinbkb  |       16|  0|   0|    0|  18600|    8|     1|       148800|
    |p_ZZ23fast_keypoint_detectionRN3hls6streamI7ap_uintILi8EELi0EEERNS0_I8KeypointLi0_49_U   |p_ZZ23fast_keypoint_detectionRN3hls6streamI7ap_uintILi8EELi0EEERNS0_I8Keypoinbkb  |       16|  0|   0|    0|  18600|    8|     1|       148800|
    |p_ZZ23fast_keypoint_detectionRN3hls6streamI7ap_uintILi8EELi0EEERNS0_I8KeypointLi0_48_U   |p_ZZ23fast_keypoint_detectionRN3hls6streamI7ap_uintILi8EELi0EEERNS0_I8Keypoinbkb  |       16|  0|   0|    0|  18600|    8|     1|       148800|
    |p_ZZ23fast_keypoint_detectionRN3hls6streamI7ap_uintILi8EELi0EEERNS0_I8KeypointLi0_47_U   |p_ZZ23fast_keypoint_detectionRN3hls6streamI7ap_uintILi8EELi0EEERNS0_I8Keypoinbkb  |       16|  0|   0|    0|  18600|    8|     1|       148800|
    |p_ZZ23fast_keypoint_detectionRN3hls6streamI7ap_uintILi8EELi0EEERNS0_I8KeypointLi0_46_U   |p_ZZ23fast_keypoint_detectionRN3hls6streamI7ap_uintILi8EELi0EEERNS0_I8Keypoinbkb  |       16|  0|   0|    0|  18600|    8|     1|       148800|
    |p_ZZ23fast_keypoint_detectionRN3hls6streamI7ap_uintILi8EELi0EEERNS0_I8KeypointLi0_45_U   |p_ZZ23fast_keypoint_detectionRN3hls6streamI7ap_uintILi8EELi0EEERNS0_I8Keypoinbkb  |       16|  0|   0|    0|  18600|    8|     1|       148800|
    |p_ZZ23fast_keypoint_detectionRN3hls6streamI7ap_uintILi8EELi0EEERNS0_I8KeypointLi0_44_U   |p_ZZ23fast_keypoint_detectionRN3hls6streamI7ap_uintILi8EELi0EEERNS0_I8Keypoinbkb  |       16|  0|   0|    0|  18600|    8|     1|       148800|
    |p_ZZ23fast_keypoint_detectionRN3hls6streamI7ap_uintILi8EELi0EEERNS0_I8KeypointLi0_43_U   |p_ZZ23fast_keypoint_detectionRN3hls6streamI7ap_uintILi8EELi0EEERNS0_I8Keypoinbkb  |       16|  0|   0|    0|  18600|    8|     1|       148800|
    |p_ZZ23fast_keypoint_detectionRN3hls6streamI7ap_uintILi8EELi0EEERNS0_I8KeypointLi0_42_U   |p_ZZ23fast_keypoint_detectionRN3hls6streamI7ap_uintILi8EELi0EEERNS0_I8Keypoinbkb  |       16|  0|   0|    0|  18600|    8|     1|       148800|
    |p_ZZ23fast_keypoint_detectionRN3hls6streamI7ap_uintILi8EELi0EEERNS0_I8KeypointLi0_41_U   |p_ZZ23fast_keypoint_detectionRN3hls6streamI7ap_uintILi8EELi0EEERNS0_I8Keypoinbkb  |       16|  0|   0|    0|  18600|    8|     1|       148800|
    |p_ZZ23fast_keypoint_detectionRN3hls6streamI7ap_uintILi8EELi0EEERNS0_I8KeypointLi0_40_U   |p_ZZ23fast_keypoint_detectionRN3hls6streamI7ap_uintILi8EELi0EEERNS0_I8Keypoinbkb  |       16|  0|   0|    0|  18600|    8|     1|       148800|
    |p_ZZ23fast_keypoint_detectionRN3hls6streamI7ap_uintILi8EELi0EEERNS0_I8KeypointLi0_39_U   |p_ZZ23fast_keypoint_detectionRN3hls6streamI7ap_uintILi8EELi0EEERNS0_I8Keypoinbkb  |       16|  0|   0|    0|  18600|    8|     1|       148800|
    |p_ZZ23fast_keypoint_detectionRN3hls6streamI7ap_uintILi8EELi0EEERNS0_I8KeypointLi0_38_U   |p_ZZ23fast_keypoint_detectionRN3hls6streamI7ap_uintILi8EELi0EEERNS0_I8Keypoinbkb  |       16|  0|   0|    0|  18600|    8|     1|       148800|
    |p_ZZ23fast_keypoint_detectionRN3hls6streamI7ap_uintILi8EELi0EEERNS0_I8KeypointLi0_37_U   |p_ZZ23fast_keypoint_detectionRN3hls6streamI7ap_uintILi8EELi0EEERNS0_I8Keypoinbkb  |       16|  0|   0|    0|  18600|    8|     1|       148800|
    |p_ZZ23fast_keypoint_detectionRN3hls6streamI7ap_uintILi8EELi0EEERNS0_I8KeypointLi0_36_U   |p_ZZ23fast_keypoint_detectionRN3hls6streamI7ap_uintILi8EELi0EEERNS0_I8Keypoinbkb  |       16|  0|   0|    0|  18600|    8|     1|       148800|
    |p_ZZ23fast_keypoint_detectionRN3hls6streamI7ap_uintILi8EELi0EEERNS0_I8KeypointLi0_35_U   |p_ZZ23fast_keypoint_detectionRN3hls6streamI7ap_uintILi8EELi0EEERNS0_I8Keypoinbkb  |       16|  0|   0|    0|  18600|    8|     1|       148800|
    |p_ZZ23fast_keypoint_detectionRN3hls6streamI7ap_uintILi8EELi0EEERNS0_I8KeypointLi0_34_U   |p_ZZ23fast_keypoint_detectionRN3hls6streamI7ap_uintILi8EELi0EEERNS0_I8Keypoinbkb  |       16|  0|   0|    0|  18600|    8|     1|       148800|
    |p_ZZ23fast_keypoint_detectionRN3hls6streamI7ap_uintILi8EELi0EEERNS0_I8KeypointLi0_33_U   |p_ZZ23fast_keypoint_detectionRN3hls6streamI7ap_uintILi8EELi0EEERNS0_I8Keypoinbkb  |       16|  0|   0|    0|  18600|    8|     1|       148800|
    |p_ZZ23fast_keypoint_detectionRN3hls6streamI7ap_uintILi8EELi0EEERNS0_I8KeypointLi0_32_U   |p_ZZ23fast_keypoint_detectionRN3hls6streamI7ap_uintILi8EELi0EEERNS0_I8Keypoinbkb  |       16|  0|   0|    0|  18600|    8|     1|       148800|
    |p_ZZ23fast_keypoint_detectionRN3hls6streamI7ap_uintILi8EELi0EEERNS0_I8KeypointLi0_31_U   |p_ZZ23fast_keypoint_detectionRN3hls6streamI7ap_uintILi8EELi0EEERNS0_I8Keypoinbkb  |       16|  0|   0|    0|  18600|    8|     1|       148800|
    |p_ZZ23fast_keypoint_detectionRN3hls6streamI7ap_uintILi8EELi0EEERNS0_I8KeypointLi0_30_U   |p_ZZ23fast_keypoint_detectionRN3hls6streamI7ap_uintILi8EELi0EEERNS0_I8Keypoinbkb  |       16|  0|   0|    0|  18600|    8|     1|       148800|
    |p_ZZ23fast_keypoint_detectionRN3hls6streamI7ap_uintILi8EELi0EEERNS0_I8KeypointLi0_29_U   |p_ZZ23fast_keypoint_detectionRN3hls6streamI7ap_uintILi8EELi0EEERNS0_I8Keypoinbkb  |       16|  0|   0|    0|  18600|    8|     1|       148800|
    |p_ZZ23fast_keypoint_detectionRN3hls6streamI7ap_uintILi8EELi0EEERNS0_I8KeypointLi0_28_U   |p_ZZ23fast_keypoint_detectionRN3hls6streamI7ap_uintILi8EELi0EEERNS0_I8Keypoinbkb  |       16|  0|   0|    0|  18600|    8|     1|       148800|
    |p_ZZ23fast_keypoint_detectionRN3hls6streamI7ap_uintILi8EELi0EEERNS0_I8KeypointLi0_27_U   |p_ZZ23fast_keypoint_detectionRN3hls6streamI7ap_uintILi8EELi0EEERNS0_I8Keypoinbkb  |       16|  0|   0|    0|  18600|    8|     1|       148800|
    |p_ZZ23fast_keypoint_detectionRN3hls6streamI7ap_uintILi8EELi0EEERNS0_I8KeypointLi0_26_U   |p_ZZ23fast_keypoint_detectionRN3hls6streamI7ap_uintILi8EELi0EEERNS0_I8Keypoinbkb  |       16|  0|   0|    0|  18600|    8|     1|       148800|
    |p_ZZ23fast_keypoint_detectionRN3hls6streamI7ap_uintILi8EELi0EEERNS0_I8KeypointLi0_25_U   |p_ZZ23fast_keypoint_detectionRN3hls6streamI7ap_uintILi8EELi0EEERNS0_I8Keypoinbkb  |       16|  0|   0|    0|  18600|    8|     1|       148800|
    |p_ZZ23fast_keypoint_detectionRN3hls6streamI7ap_uintILi8EELi0EEERNS0_I8KeypointLi0_24_U   |p_ZZ23fast_keypoint_detectionRN3hls6streamI7ap_uintILi8EELi0EEERNS0_I8Keypoinbkb  |       16|  0|   0|    0|  18600|    8|     1|       148800|
    |p_ZZ23fast_keypoint_detectionRN3hls6streamI7ap_uintILi8EELi0EEERNS0_I8KeypointLi0_23_U   |p_ZZ23fast_keypoint_detectionRN3hls6streamI7ap_uintILi8EELi0EEERNS0_I8Keypoinbkb  |       16|  0|   0|    0|  18600|    8|     1|       148800|
    |p_ZZ23fast_keypoint_detectionRN3hls6streamI7ap_uintILi8EELi0EEERNS0_I8KeypointLi0_22_U   |p_ZZ23fast_keypoint_detectionRN3hls6streamI7ap_uintILi8EELi0EEERNS0_I8Keypoinbkb  |       16|  0|   0|    0|  18600|    8|     1|       148800|
    |p_ZZ23fast_keypoint_detectionRN3hls6streamI7ap_uintILi8EELi0EEERNS0_I8KeypointLi0_21_U   |p_ZZ23fast_keypoint_detectionRN3hls6streamI7ap_uintILi8EELi0EEERNS0_I8Keypoinbkb  |       16|  0|   0|    0|  18600|    8|     1|       148800|
    |p_ZZ23fast_keypoint_detectionRN3hls6streamI7ap_uintILi8EELi0EEERNS0_I8KeypointLi0_20_U   |p_ZZ23fast_keypoint_detectionRN3hls6streamI7ap_uintILi8EELi0EEERNS0_I8Keypoinbkb  |       16|  0|   0|    0|  18600|    8|     1|       148800|
    |p_ZZ23fast_keypoint_detectionRN3hls6streamI7ap_uintILi8EELi0EEERNS0_I8KeypointLi0_19_U   |p_ZZ23fast_keypoint_detectionRN3hls6streamI7ap_uintILi8EELi0EEERNS0_I8Keypoinbkb  |       16|  0|   0|    0|  18600|    8|     1|       148800|
    |p_ZZ23fast_keypoint_detectionRN3hls6streamI7ap_uintILi8EELi0EEERNS0_I8KeypointLi0_18_U   |p_ZZ23fast_keypoint_detectionRN3hls6streamI7ap_uintILi8EELi0EEERNS0_I8Keypoinbkb  |       16|  0|   0|    0|  18600|    8|     1|       148800|
    |p_ZZ23fast_keypoint_detectionRN3hls6streamI7ap_uintILi8EELi0EEERNS0_I8KeypointLi0_17_U   |p_ZZ23fast_keypoint_detectionRN3hls6streamI7ap_uintILi8EELi0EEERNS0_I8Keypoinbkb  |       16|  0|   0|    0|  18600|    8|     1|       148800|
    |p_ZZ23fast_keypoint_detectionRN3hls6streamI7ap_uintILi8EELi0EEERNS0_I8KeypointLi0_16_U   |p_ZZ23fast_keypoint_detectionRN3hls6streamI7ap_uintILi8EELi0EEERNS0_I8Keypoinbkb  |       16|  0|   0|    0|  18600|    8|     1|       148800|
    |p_ZZ23fast_keypoint_detectionRN3hls6streamI7ap_uintILi8EELi0EEERNS0_I8KeypointLi0_15_U   |p_ZZ23fast_keypoint_detectionRN3hls6streamI7ap_uintILi8EELi0EEERNS0_I8Keypoinbkb  |       16|  0|   0|    0|  18600|    8|     1|       148800|
    |p_ZZ23fast_keypoint_detectionRN3hls6streamI7ap_uintILi8EELi0EEERNS0_I8KeypointLi0_14_U   |p_ZZ23fast_keypoint_detectionRN3hls6streamI7ap_uintILi8EELi0EEERNS0_I8Keypoinbkb  |       16|  0|   0|    0|  18600|    8|     1|       148800|
    |p_ZZ23fast_keypoint_detectionRN3hls6streamI7ap_uintILi8EELi0EEERNS0_I8KeypointLi0_13_U   |p_ZZ23fast_keypoint_detectionRN3hls6streamI7ap_uintILi8EELi0EEERNS0_I8Keypoinbkb  |       16|  0|   0|    0|  18600|    8|     1|       148800|
    |p_ZZ23fast_keypoint_detectionRN3hls6streamI7ap_uintILi8EELi0EEERNS0_I8KeypointLi0_12_U   |p_ZZ23fast_keypoint_detectionRN3hls6streamI7ap_uintILi8EELi0EEERNS0_I8Keypoinbkb  |       16|  0|   0|    0|  18600|    8|     1|       148800|
    |p_ZZ23fast_keypoint_detectionRN3hls6streamI7ap_uintILi8EELi0EEERNS0_I8KeypointLi0_11_U   |p_ZZ23fast_keypoint_detectionRN3hls6streamI7ap_uintILi8EELi0EEERNS0_I8Keypoinbkb  |       16|  0|   0|    0|  18600|    8|     1|       148800|
    |p_ZZ23fast_keypoint_detectionRN3hls6streamI7ap_uintILi8EELi0EEERNS0_I8KeypointLi0_10_U   |p_ZZ23fast_keypoint_detectionRN3hls6streamI7ap_uintILi8EELi0EEERNS0_I8Keypoinbkb  |       16|  0|   0|    0|  18600|    8|     1|       148800|
    |p_ZZ23fast_keypoint_detectionRN3hls6streamI7ap_uintILi8EELi0EEERNS0_I8KeypointLi0_9_U    |p_ZZ23fast_keypoint_detectionRN3hls6streamI7ap_uintILi8EELi0EEERNS0_I8Keypoinbkb  |       16|  0|   0|    0|  18600|    8|     1|       148800|
    |p_ZZ23fast_keypoint_detectionRN3hls6streamI7ap_uintILi8EELi0EEERNS0_I8KeypointLi0_8_U    |p_ZZ23fast_keypoint_detectionRN3hls6streamI7ap_uintILi8EELi0EEERNS0_I8Keypoinbkb  |       16|  0|   0|    0|  18600|    8|     1|       148800|
    |p_ZZ23fast_keypoint_detectionRN3hls6streamI7ap_uintILi8EELi0EEERNS0_I8KeypointLi0_7_U    |p_ZZ23fast_keypoint_detectionRN3hls6streamI7ap_uintILi8EELi0EEERNS0_I8Keypoinbkb  |       16|  0|   0|    0|  18600|    8|     1|       148800|
    |p_ZZ23fast_keypoint_detectionRN3hls6streamI7ap_uintILi8EELi0EEERNS0_I8KeypointLi0_6_U    |p_ZZ23fast_keypoint_detectionRN3hls6streamI7ap_uintILi8EELi0EEERNS0_I8Keypoinbkb  |       16|  0|   0|    0|  18600|    8|     1|       148800|
    |p_ZZ23fast_keypoint_detectionRN3hls6streamI7ap_uintILi8EELi0EEERNS0_I8KeypointLi0_5_U    |p_ZZ23fast_keypoint_detectionRN3hls6streamI7ap_uintILi8EELi0EEERNS0_I8Keypoinbkb  |       16|  0|   0|    0|  18600|    8|     1|       148800|
    |p_ZZ23fast_keypoint_detectionRN3hls6streamI7ap_uintILi8EELi0EEERNS0_I8KeypointLi0_4_U    |p_ZZ23fast_keypoint_detectionRN3hls6streamI7ap_uintILi8EELi0EEERNS0_I8Keypoinbkb  |       16|  0|   0|    0|  18600|    8|     1|       148800|
    |p_ZZ23fast_keypoint_detectionRN3hls6streamI7ap_uintILi8EELi0EEERNS0_I8KeypointLi0_3_U    |p_ZZ23fast_keypoint_detectionRN3hls6streamI7ap_uintILi8EELi0EEERNS0_I8Keypoinbkb  |       16|  0|   0|    0|  18600|    8|     1|       148800|
    |p_ZZ23fast_keypoint_detectionRN3hls6streamI7ap_uintILi8EELi0EEERNS0_I8KeypointLi0_2_U    |p_ZZ23fast_keypoint_detectionRN3hls6streamI7ap_uintILi8EELi0EEERNS0_I8Keypoinbkb  |       16|  0|   0|    0|  18600|    8|     1|       148800|
    |p_ZZ23fast_keypoint_detectionRN3hls6streamI7ap_uintILi8EELi0EEERNS0_I8KeypointLi0_1_U    |p_ZZ23fast_keypoint_detectionRN3hls6streamI7ap_uintILi8EELi0EEERNS0_I8Keypoinbkb  |       16|  0|   0|    0|  18600|    8|     1|       148800|
    |p_ZZ23fast_keypoint_detectionRN3hls6streamI7ap_uintILi8EELi0EEERNS0_I8KeypointLi0_U      |p_ZZ23fast_keypoint_detectionRN3hls6streamI7ap_uintILi8EELi0EEERNS0_I8Keypoinbkb  |       16|  0|   0|    0|  18600|    8|     1|       148800|
    |p_ZZ23fast_keypoint_detectionRN3hls6streamI7ap_uintILi8EELi0EEERNS0_I8KeypointLi0_97_U   |p_ZZ23fast_keypoint_detectionRN3hls6streamI7ap_uintILi8EELi0EEERNS0_I8Keypoinbkb  |       16|  0|   0|    0|  18600|    8|     1|       148800|
    |p_ZZ23fast_keypoint_detectionRN3hls6streamI7ap_uintILi8EELi0EEERNS0_I8KeypointLi0_96_U   |p_ZZ23fast_keypoint_detectionRN3hls6streamI7ap_uintILi8EELi0EEERNS0_I8Keypoinbkb  |       16|  0|   0|    0|  18600|    8|     1|       148800|
    |p_ZZ23fast_keypoint_detectionRN3hls6streamI7ap_uintILi8EELi0EEERNS0_I8KeypointLi0_95_U   |p_ZZ23fast_keypoint_detectionRN3hls6streamI7ap_uintILi8EELi0EEERNS0_I8Keypoinbkb  |       16|  0|   0|    0|  18600|    8|     1|       148800|
    |p_ZZ23fast_keypoint_detectionRN3hls6streamI7ap_uintILi8EELi0EEERNS0_I8KeypointLi0_94_U   |p_ZZ23fast_keypoint_detectionRN3hls6streamI7ap_uintILi8EELi0EEERNS0_I8Keypoinbkb  |       16|  0|   0|    0|  18600|    8|     1|       148800|
    |p_ZZ23fast_keypoint_detectionRN3hls6streamI7ap_uintILi8EELi0EEERNS0_I8KeypointLi0_93_U   |p_ZZ23fast_keypoint_detectionRN3hls6streamI7ap_uintILi8EELi0EEERNS0_I8Keypoinbkb  |       16|  0|   0|    0|  18600|    8|     1|       148800|
    |p_ZZ23fast_keypoint_detectionRN3hls6streamI7ap_uintILi8EELi0EEERNS0_I8KeypointLi0_92_U   |p_ZZ23fast_keypoint_detectionRN3hls6streamI7ap_uintILi8EELi0EEERNS0_I8Keypoinbkb  |       16|  0|   0|    0|  18600|    8|     1|       148800|
    |p_ZZ23fast_keypoint_detectionRN3hls6streamI7ap_uintILi8EELi0EEERNS0_I8KeypointLi0_91_U   |p_ZZ23fast_keypoint_detectionRN3hls6streamI7ap_uintILi8EELi0EEERNS0_I8Keypoinbkb  |       16|  0|   0|    0|  18600|    8|     1|       148800|
    |p_ZZ23fast_keypoint_detectionRN3hls6streamI7ap_uintILi8EELi0EEERNS0_I8KeypointLi0_90_U   |p_ZZ23fast_keypoint_detectionRN3hls6streamI7ap_uintILi8EELi0EEERNS0_I8Keypoinbkb  |       16|  0|   0|    0|  18600|    8|     1|       148800|
    |p_ZZ23fast_keypoint_detectionRN3hls6streamI7ap_uintILi8EELi0EEERNS0_I8KeypointLi0_89_U   |p_ZZ23fast_keypoint_detectionRN3hls6streamI7ap_uintILi8EELi0EEERNS0_I8Keypoinbkb  |       16|  0|   0|    0|  18600|    8|     1|       148800|
    |p_ZZ23fast_keypoint_detectionRN3hls6streamI7ap_uintILi8EELi0EEERNS0_I8KeypointLi0_88_U   |p_ZZ23fast_keypoint_detectionRN3hls6streamI7ap_uintILi8EELi0EEERNS0_I8Keypoinbkb  |       16|  0|   0|    0|  18600|    8|     1|       148800|
    |p_ZZ23fast_keypoint_detectionRN3hls6streamI7ap_uintILi8EELi0EEERNS0_I8KeypointLi0_87_U   |p_ZZ23fast_keypoint_detectionRN3hls6streamI7ap_uintILi8EELi0EEERNS0_I8Keypoinbkb  |       16|  0|   0|    0|  18600|    8|     1|       148800|
    |p_ZZ23fast_keypoint_detectionRN3hls6streamI7ap_uintILi8EELi0EEERNS0_I8KeypointLi0_86_U   |p_ZZ23fast_keypoint_detectionRN3hls6streamI7ap_uintILi8EELi0EEERNS0_I8Keypoinbkb  |       16|  0|   0|    0|  18600|    8|     1|       148800|
    |p_ZZ23fast_keypoint_detectionRN3hls6streamI7ap_uintILi8EELi0EEERNS0_I8KeypointLi0_85_U   |p_ZZ23fast_keypoint_detectionRN3hls6streamI7ap_uintILi8EELi0EEERNS0_I8Keypoinbkb  |       16|  0|   0|    0|  18600|    8|     1|       148800|
    |p_ZZ23fast_keypoint_detectionRN3hls6streamI7ap_uintILi8EELi0EEERNS0_I8KeypointLi0_84_U   |p_ZZ23fast_keypoint_detectionRN3hls6streamI7ap_uintILi8EELi0EEERNS0_I8Keypoinbkb  |       16|  0|   0|    0|  18600|    8|     1|       148800|
    |fast_keypoint_detection_stream_stream_ap_uint_11_ap_uint_11_image_6_U                    |p_ZZ23fast_keypoint_detectionRN3hls6streamI7ap_uintILi8EELi0EEERNS0_I8Keypoinbkb  |       16|  0|   0|    0|  18600|    8|     1|       148800|
    |fast_keypoint_detection_stream_stream_ap_uint_11_ap_uint_11_image_5_U                    |p_ZZ23fast_keypoint_detectionRN3hls6streamI7ap_uintILi8EELi0EEERNS0_I8Keypoinbkb  |       16|  0|   0|    0|  18600|    8|     1|       148800|
    |fast_keypoint_detection_stream_stream_ap_uint_11_ap_uint_11_image_4_U                    |p_ZZ23fast_keypoint_detectionRN3hls6streamI7ap_uintILi8EELi0EEERNS0_I8Keypoinbkb  |       16|  0|   0|    0|  18600|    8|     1|       148800|
    |fast_keypoint_detection_stream_stream_ap_uint_11_ap_uint_11_image_3_U                    |p_ZZ23fast_keypoint_detectionRN3hls6streamI7ap_uintILi8EELi0EEERNS0_I8Keypoinbkb  |       16|  0|   0|    0|  18600|    8|     1|       148800|
    |fast_keypoint_detection_stream_stream_ap_uint_11_ap_uint_11_image_2_U                    |p_ZZ23fast_keypoint_detectionRN3hls6streamI7ap_uintILi8EELi0EEERNS0_I8Keypoinbkb  |       16|  0|   0|    0|  18600|    8|     1|       148800|
    |fast_keypoint_detection_stream_stream_ap_uint_11_ap_uint_11_image_1_U                    |p_ZZ23fast_keypoint_detectionRN3hls6streamI7ap_uintILi8EELi0EEERNS0_I8Keypoinbkb  |       16|  0|   0|    0|  18600|    8|     1|       148800|
    |fast_keypoint_detection_stream_stream_ap_uint_11_ap_uint_11_image_U                      |p_ZZ23fast_keypoint_detectionRN3hls6streamI7ap_uintILi8EELi0EEERNS0_I8Keypoinbkb  |       16|  0|   0|    0|  18600|    8|     1|       148800|
    |p_ZZ23fast_keypoint_detectionRN3hls6streamI7ap_uintILi8EELi0EEERNS0_I8KeypointLi0_83_U   |p_ZZ23fast_keypoint_detectionRN3hls6streamI7ap_uintILi8EELi0EEERNS0_I8Keypoinbkb  |       16|  0|   0|    0|  18600|    8|     1|       148800|
    |p_ZZ23fast_keypoint_detectionRN3hls6streamI7ap_uintILi8EELi0EEERNS0_I8KeypointLi0_82_U   |p_ZZ23fast_keypoint_detectionRN3hls6streamI7ap_uintILi8EELi0EEERNS0_I8Keypoinbkb  |       16|  0|   0|    0|  18600|    8|     1|       148800|
    |p_ZZ23fast_keypoint_detectionRN3hls6streamI7ap_uintILi8EELi0EEERNS0_I8KeypointLi0_81_U   |p_ZZ23fast_keypoint_detectionRN3hls6streamI7ap_uintILi8EELi0EEERNS0_I8Keypoinbkb  |       16|  0|   0|    0|  18600|    8|     1|       148800|
    |p_ZZ23fast_keypoint_detectionRN3hls6streamI7ap_uintILi8EELi0EEERNS0_I8KeypointLi0_80_U   |p_ZZ23fast_keypoint_detectionRN3hls6streamI7ap_uintILi8EELi0EEERNS0_I8Keypoinbkb  |       16|  0|   0|    0|  18600|    8|     1|       148800|
    |p_ZZ23fast_keypoint_detectionRN3hls6streamI7ap_uintILi8EELi0EEERNS0_I8KeypointLi0_79_U   |p_ZZ23fast_keypoint_detectionRN3hls6streamI7ap_uintILi8EELi0EEERNS0_I8Keypoinbkb  |       16|  0|   0|    0|  18600|    8|     1|       148800|
    |p_ZZ23fast_keypoint_detectionRN3hls6streamI7ap_uintILi8EELi0EEERNS0_I8KeypointLi0_78_U   |p_ZZ23fast_keypoint_detectionRN3hls6streamI7ap_uintILi8EELi0EEERNS0_I8Keypoinbkb  |       16|  0|   0|    0|  18600|    8|     1|       148800|
    |p_ZZ23fast_keypoint_detectionRN3hls6streamI7ap_uintILi8EELi0EEERNS0_I8KeypointLi0_77_U   |p_ZZ23fast_keypoint_detectionRN3hls6streamI7ap_uintILi8EELi0EEERNS0_I8Keypoinbkb  |       16|  0|   0|    0|  18600|    8|     1|       148800|
    |p_ZZ23fast_keypoint_detectionRN3hls6streamI7ap_uintILi8EELi0EEERNS0_I8KeypointLi0_76_U   |p_ZZ23fast_keypoint_detectionRN3hls6streamI7ap_uintILi8EELi0EEERNS0_I8Keypoinbkb  |       16|  0|   0|    0|  18600|    8|     1|       148800|
    |p_ZZ23fast_keypoint_detectionRN3hls6streamI7ap_uintILi8EELi0EEERNS0_I8KeypointLi0_75_U   |p_ZZ23fast_keypoint_detectionRN3hls6streamI7ap_uintILi8EELi0EEERNS0_I8Keypoinbkb  |       16|  0|   0|    0|  18600|    8|     1|       148800|
    |p_ZZ23fast_keypoint_detectionRN3hls6streamI7ap_uintILi8EELi0EEERNS0_I8KeypointLi0_74_U   |p_ZZ23fast_keypoint_detectionRN3hls6streamI7ap_uintILi8EELi0EEERNS0_I8Keypoinbkb  |       16|  0|   0|    0|  18600|    8|     1|       148800|
    |p_ZZ23fast_keypoint_detectionRN3hls6streamI7ap_uintILi8EELi0EEERNS0_I8KeypointLi0_73_U   |p_ZZ23fast_keypoint_detectionRN3hls6streamI7ap_uintILi8EELi0EEERNS0_I8Keypoinbkb  |       16|  0|   0|    0|  18600|    8|     1|       148800|
    |p_ZZ23fast_keypoint_detectionRN3hls6streamI7ap_uintILi8EELi0EEERNS0_I8KeypointLi0_72_U   |p_ZZ23fast_keypoint_detectionRN3hls6streamI7ap_uintILi8EELi0EEERNS0_I8Keypoinbkb  |       16|  0|   0|    0|  18600|    8|     1|       148800|
    |p_ZZ23fast_keypoint_detectionRN3hls6streamI7ap_uintILi8EELi0EEERNS0_I8KeypointLi0_71_U   |p_ZZ23fast_keypoint_detectionRN3hls6streamI7ap_uintILi8EELi0EEERNS0_I8Keypoinbkb  |       16|  0|   0|    0|  18600|    8|     1|       148800|
    |p_ZZ23fast_keypoint_detectionRN3hls6streamI7ap_uintILi8EELi0EEERNS0_I8KeypointLi0_70_U   |p_ZZ23fast_keypoint_detectionRN3hls6streamI7ap_uintILi8EELi0EEERNS0_I8Keypoinbkb  |       16|  0|   0|    0|  18600|    8|     1|       148800|
    |p_ZZ23fast_keypoint_detectionRN3hls6streamI7ap_uintILi8EELi0EEERNS0_I8KeypointLi0_69_U   |p_ZZ23fast_keypoint_detectionRN3hls6streamI7ap_uintILi8EELi0EEERNS0_I8Keypoinbkb  |       16|  0|   0|    0|  18600|    8|     1|       148800|
    |p_ZZ23fast_keypoint_detectionRN3hls6streamI7ap_uintILi8EELi0EEERNS0_I8KeypointLi0_68_U   |p_ZZ23fast_keypoint_detectionRN3hls6streamI7ap_uintILi8EELi0EEERNS0_I8Keypoinbkb  |       16|  0|   0|    0|  18600|    8|     1|       148800|
    |p_ZZ23fast_keypoint_detectionRN3hls6streamI7ap_uintILi8EELi0EEERNS0_I8KeypointLi0_67_U   |p_ZZ23fast_keypoint_detectionRN3hls6streamI7ap_uintILi8EELi0EEERNS0_I8Keypoinbkb  |       16|  0|   0|    0|  18600|    8|     1|       148800|
    |p_ZZ23fast_keypoint_detectionRN3hls6streamI7ap_uintILi8EELi0EEERNS0_I8KeypointLi0_66_U   |p_ZZ23fast_keypoint_detectionRN3hls6streamI7ap_uintILi8EELi0EEERNS0_I8Keypoinbkb  |       16|  0|   0|    0|  18600|    8|     1|       148800|
    |p_ZZ23fast_keypoint_detectionRN3hls6streamI7ap_uintILi8EELi0EEERNS0_I8KeypointLi0_65_U   |p_ZZ23fast_keypoint_detectionRN3hls6streamI7ap_uintILi8EELi0EEERNS0_I8Keypoinbkb  |       16|  0|   0|    0|  18600|    8|     1|       148800|
    |p_ZZ23fast_keypoint_detectionRN3hls6streamI7ap_uintILi8EELi0EEERNS0_I8KeypointLi0_64_U   |p_ZZ23fast_keypoint_detectionRN3hls6streamI7ap_uintILi8EELi0EEERNS0_I8Keypoinbkb  |       16|  0|   0|    0|  18600|    8|     1|       148800|
    |p_ZZ23fast_keypoint_detectionRN3hls6streamI7ap_uintILi8EELi0EEERNS0_I8KeypointLi0_63_U   |p_ZZ23fast_keypoint_detectionRN3hls6streamI7ap_uintILi8EELi0EEERNS0_I8Keypoinbkb  |       16|  0|   0|    0|  18600|    8|     1|       148800|
    +-----------------------------------------------------------------------------------------+----------------------------------------------------------------------------------+---------+---+----+-----+-------+-----+------+-------------+
    |Total                                                                                    |                                                                                  |     1792|  0|   0|    0|2083200|  896|   112|     16665600|
    +-----------------------------------------------------------------------------------------+----------------------------------------------------------------------------------+---------+---+----+-----+-------+-----+------+-------------+

    * FIFO: 
    N/A

    * Expression: 
    +-------------------------------------------------------------------------------------------------------+----------+----+---+----+------------+------------+
    |                                             Variable Name                                             | Operation| DSP| FF| LUT| Bitwidth P0| Bitwidth P1|
    +-------------------------------------------------------------------------------------------------------+----------+----+---+----+------------+------------+
    |add_ln30_1_fu_786_p2                                                                                   |         +|   0|  0|  12|          12|           3|
    |add_ln30_3_fu_808_p2                                                                                   |         +|   0|  0|  12|          12|           4|
    |add_ln30_4_fu_838_p2                                                                                   |         +|   0|  0|  12|          12|           4|
    |add_ln30_fu_780_p2                                                                                     |         +|   0|  0|  12|          12|           3|
    |grp_fast_keypoint_detection_Pipeline_keypoint_detection_VITIS_LOOP_31_2_fu_528_keypoint_stream_TREADY  |       and|   0|  0|   2|           1|           1|
    |icmp36_fu_832_p2                                                                                       |      icmp|   0|  0|  13|          10|           1|
    |icmp_fu_802_p2                                                                                         |      icmp|   0|  0|  13|          10|           1|
    |select_ln30_1_fu_844_p3                                                                                |    select|   0|  0|  12|           1|          12|
    |select_ln30_fu_814_p3                                                                                  |    select|   0|  0|  12|           1|          12|
    +-------------------------------------------------------------------------------------------------------+----------+----+---+----+------------+------------+
    |Total                                                                                                  |          |   0|  0| 100|          71|          41|
    +-------------------------------------------------------------------------------------------------------+----------+----+---+----+------------+------------+

    * Multiplexer: 
    +------------------------------------------------------------------------------------------------+----+-----------+-----+-----------+
    |                                              Name                                              | LUT| Input Size| Bits| Total Bits|
    +------------------------------------------------------------------------------------------------+----+-----------+-----+-----------+
    |ap_NS_fsm                                                                                       |  37|          7|    1|          7|
    |fast_keypoint_detection_stream_stream_ap_uint_11_ap_uint_11_image_1_address0                    |  14|          3|   15|         45|
    |fast_keypoint_detection_stream_stream_ap_uint_11_ap_uint_11_image_1_ce0                         |  14|          3|    1|          3|
    |fast_keypoint_detection_stream_stream_ap_uint_11_ap_uint_11_image_1_we0                         |   9|          2|    1|          2|
    |fast_keypoint_detection_stream_stream_ap_uint_11_ap_uint_11_image_2_address0                    |  14|          3|   15|         45|
    |fast_keypoint_detection_stream_stream_ap_uint_11_ap_uint_11_image_2_ce0                         |  14|          3|    1|          3|
    |fast_keypoint_detection_stream_stream_ap_uint_11_ap_uint_11_image_2_we0                         |   9|          2|    1|          2|
    |fast_keypoint_detection_stream_stream_ap_uint_11_ap_uint_11_image_3_address0                    |  14|          3|   15|         45|
    |fast_keypoint_detection_stream_stream_ap_uint_11_ap_uint_11_image_3_ce0                         |  14|          3|    1|          3|
    |fast_keypoint_detection_stream_stream_ap_uint_11_ap_uint_11_image_3_we0                         |   9|          2|    1|          2|
    |fast_keypoint_detection_stream_stream_ap_uint_11_ap_uint_11_image_4_address0                    |  14|          3|   15|         45|
    |fast_keypoint_detection_stream_stream_ap_uint_11_ap_uint_11_image_4_ce0                         |  14|          3|    1|          3|
    |fast_keypoint_detection_stream_stream_ap_uint_11_ap_uint_11_image_4_we0                         |   9|          2|    1|          2|
    |fast_keypoint_detection_stream_stream_ap_uint_11_ap_uint_11_image_5_address0                    |  14|          3|   15|         45|
    |fast_keypoint_detection_stream_stream_ap_uint_11_ap_uint_11_image_5_ce0                         |  14|          3|    1|          3|
    |fast_keypoint_detection_stream_stream_ap_uint_11_ap_uint_11_image_5_we0                         |   9|          2|    1|          2|
    |fast_keypoint_detection_stream_stream_ap_uint_11_ap_uint_11_image_6_address0                    |  14|          3|   15|         45|
    |fast_keypoint_detection_stream_stream_ap_uint_11_ap_uint_11_image_6_ce0                         |  14|          3|    1|          3|
    |fast_keypoint_detection_stream_stream_ap_uint_11_ap_uint_11_image_6_we0                         |   9|          2|    1|          2|
    |fast_keypoint_detection_stream_stream_ap_uint_11_ap_uint_11_image_address0                      |  14|          3|   15|         45|
    |fast_keypoint_detection_stream_stream_ap_uint_11_ap_uint_11_image_ce0                           |  14|          3|    1|          3|
    |fast_keypoint_detection_stream_stream_ap_uint_11_ap_uint_11_image_we0                           |   9|          2|    1|          2|
    |input_stream_TREADY_int_regslice                                                                |   9|          2|    1|          2|
    |keypoint_stream_TDATA_int_regslice                                                              |   9|          2|   32|         64|
    |p_ZZ23fast_keypoint_detectionRN3hls6streamI7ap_uintILi8EELi0EEERNS0_I8KeypointLi0_104_address0  |  14|          3|   15|         45|
    |p_ZZ23fast_keypoint_detectionRN3hls6streamI7ap_uintILi8EELi0EEERNS0_I8KeypointLi0_104_ce0       |  14|          3|    1|          3|
    |p_ZZ23fast_keypoint_detectionRN3hls6streamI7ap_uintILi8EELi0EEERNS0_I8KeypointLi0_104_we0       |   9|          2|    1|          2|
    |p_ZZ23fast_keypoint_detectionRN3hls6streamI7ap_uintILi8EELi0EEERNS0_I8KeypointLi0_105_address0  |  14|          3|   15|         45|
    |p_ZZ23fast_keypoint_detectionRN3hls6streamI7ap_uintILi8EELi0EEERNS0_I8KeypointLi0_105_ce0       |  14|          3|    1|          3|
    |p_ZZ23fast_keypoint_detectionRN3hls6streamI7ap_uintILi8EELi0EEERNS0_I8KeypointLi0_105_we0       |   9|          2|    1|          2|
    |p_ZZ23fast_keypoint_detectionRN3hls6streamI7ap_uintILi8EELi0EEERNS0_I8KeypointLi0_106_address0  |  14|          3|   15|         45|
    |p_ZZ23fast_keypoint_detectionRN3hls6streamI7ap_uintILi8EELi0EEERNS0_I8KeypointLi0_106_ce0       |  14|          3|    1|          3|
    |p_ZZ23fast_keypoint_detectionRN3hls6streamI7ap_uintILi8EELi0EEERNS0_I8KeypointLi0_106_we0       |   9|          2|    1|          2|
    |p_ZZ23fast_keypoint_detectionRN3hls6streamI7ap_uintILi8EELi0EEERNS0_I8KeypointLi0_107_address0  |  14|          3|   15|         45|
    |p_ZZ23fast_keypoint_detectionRN3hls6streamI7ap_uintILi8EELi0EEERNS0_I8KeypointLi0_107_ce0       |  14|          3|    1|          3|
    |p_ZZ23fast_keypoint_detectionRN3hls6streamI7ap_uintILi8EELi0EEERNS0_I8KeypointLi0_107_we0       |   9|          2|    1|          2|
    |p_ZZ23fast_keypoint_detectionRN3hls6streamI7ap_uintILi8EELi0EEERNS0_I8KeypointLi0_108_address0  |  14|          3|   15|         45|
    |p_ZZ23fast_keypoint_detectionRN3hls6streamI7ap_uintILi8EELi0EEERNS0_I8KeypointLi0_108_ce0       |  14|          3|    1|          3|
    |p_ZZ23fast_keypoint_detectionRN3hls6streamI7ap_uintILi8EELi0EEERNS0_I8KeypointLi0_108_we0       |   9|          2|    1|          2|
    |p_ZZ23fast_keypoint_detectionRN3hls6streamI7ap_uintILi8EELi0EEERNS0_I8KeypointLi0_10_address0   |  14|          3|   15|         45|
    |p_ZZ23fast_keypoint_detectionRN3hls6streamI7ap_uintILi8EELi0EEERNS0_I8KeypointLi0_10_ce0        |  14|          3|    1|          3|
    |p_ZZ23fast_keypoint_detectionRN3hls6streamI7ap_uintILi8EELi0EEERNS0_I8KeypointLi0_10_we0        |   9|          2|    1|          2|
    |p_ZZ23fast_keypoint_detectionRN3hls6streamI7ap_uintILi8EELi0EEERNS0_I8KeypointLi0_11_address0   |  14|          3|   15|         45|
    |p_ZZ23fast_keypoint_detectionRN3hls6streamI7ap_uintILi8EELi0EEERNS0_I8KeypointLi0_11_ce0        |  14|          3|    1|          3|
    |p_ZZ23fast_keypoint_detectionRN3hls6streamI7ap_uintILi8EELi0EEERNS0_I8KeypointLi0_11_we0        |   9|          2|    1|          2|
    |p_ZZ23fast_keypoint_detectionRN3hls6streamI7ap_uintILi8EELi0EEERNS0_I8KeypointLi0_12_address0   |  14|          3|   15|         45|
    |p_ZZ23fast_keypoint_detectionRN3hls6streamI7ap_uintILi8EELi0EEERNS0_I8KeypointLi0_12_ce0        |  14|          3|    1|          3|
    |p_ZZ23fast_keypoint_detectionRN3hls6streamI7ap_uintILi8EELi0EEERNS0_I8KeypointLi0_12_we0        |   9|          2|    1|          2|
    |p_ZZ23fast_keypoint_detectionRN3hls6streamI7ap_uintILi8EELi0EEERNS0_I8KeypointLi0_13_address0   |  14|          3|   15|         45|
    |p_ZZ23fast_keypoint_detectionRN3hls6streamI7ap_uintILi8EELi0EEERNS0_I8KeypointLi0_13_ce0        |  14|          3|    1|          3|
    |p_ZZ23fast_keypoint_detectionRN3hls6streamI7ap_uintILi8EELi0EEERNS0_I8KeypointLi0_13_we0        |   9|          2|    1|          2|
    |p_ZZ23fast_keypoint_detectionRN3hls6streamI7ap_uintILi8EELi0EEERNS0_I8KeypointLi0_14_address0   |  14|          3|   15|         45|
    |p_ZZ23fast_keypoint_detectionRN3hls6streamI7ap_uintILi8EELi0EEERNS0_I8KeypointLi0_14_ce0        |  14|          3|    1|          3|
    |p_ZZ23fast_keypoint_detectionRN3hls6streamI7ap_uintILi8EELi0EEERNS0_I8KeypointLi0_14_we0        |   9|          2|    1|          2|
    |p_ZZ23fast_keypoint_detectionRN3hls6streamI7ap_uintILi8EELi0EEERNS0_I8KeypointLi0_15_address0   |  14|          3|   15|         45|
    |p_ZZ23fast_keypoint_detectionRN3hls6streamI7ap_uintILi8EELi0EEERNS0_I8KeypointLi0_15_ce0        |  14|          3|    1|          3|
    |p_ZZ23fast_keypoint_detectionRN3hls6streamI7ap_uintILi8EELi0EEERNS0_I8KeypointLi0_15_we0        |   9|          2|    1|          2|
    |p_ZZ23fast_keypoint_detectionRN3hls6streamI7ap_uintILi8EELi0EEERNS0_I8KeypointLi0_16_address0   |  14|          3|   15|         45|
    |p_ZZ23fast_keypoint_detectionRN3hls6streamI7ap_uintILi8EELi0EEERNS0_I8KeypointLi0_16_ce0        |  14|          3|    1|          3|
    |p_ZZ23fast_keypoint_detectionRN3hls6streamI7ap_uintILi8EELi0EEERNS0_I8KeypointLi0_16_we0        |   9|          2|    1|          2|
    |p_ZZ23fast_keypoint_detectionRN3hls6streamI7ap_uintILi8EELi0EEERNS0_I8KeypointLi0_17_address0   |  14|          3|   15|         45|
    |p_ZZ23fast_keypoint_detectionRN3hls6streamI7ap_uintILi8EELi0EEERNS0_I8KeypointLi0_17_ce0        |  14|          3|    1|          3|
    |p_ZZ23fast_keypoint_detectionRN3hls6streamI7ap_uintILi8EELi0EEERNS0_I8KeypointLi0_17_we0        |   9|          2|    1|          2|
    |p_ZZ23fast_keypoint_detectionRN3hls6streamI7ap_uintILi8EELi0EEERNS0_I8KeypointLi0_18_address0   |  14|          3|   15|         45|
    |p_ZZ23fast_keypoint_detectionRN3hls6streamI7ap_uintILi8EELi0EEERNS0_I8KeypointLi0_18_ce0        |  14|          3|    1|          3|
    |p_ZZ23fast_keypoint_detectionRN3hls6streamI7ap_uintILi8EELi0EEERNS0_I8KeypointLi0_18_we0        |   9|          2|    1|          2|
    |p_ZZ23fast_keypoint_detectionRN3hls6streamI7ap_uintILi8EELi0EEERNS0_I8KeypointLi0_19_address0   |  14|          3|   15|         45|
    |p_ZZ23fast_keypoint_detectionRN3hls6streamI7ap_uintILi8EELi0EEERNS0_I8KeypointLi0_19_ce0        |  14|          3|    1|          3|
    |p_ZZ23fast_keypoint_detectionRN3hls6streamI7ap_uintILi8EELi0EEERNS0_I8KeypointLi0_19_we0        |   9|          2|    1|          2|
    |p_ZZ23fast_keypoint_detectionRN3hls6streamI7ap_uintILi8EELi0EEERNS0_I8KeypointLi0_1_address0    |  14|          3|   15|         45|
    |p_ZZ23fast_keypoint_detectionRN3hls6streamI7ap_uintILi8EELi0EEERNS0_I8KeypointLi0_1_ce0         |  14|          3|    1|          3|
    |p_ZZ23fast_keypoint_detectionRN3hls6streamI7ap_uintILi8EELi0EEERNS0_I8KeypointLi0_1_we0         |   9|          2|    1|          2|
    |p_ZZ23fast_keypoint_detectionRN3hls6streamI7ap_uintILi8EELi0EEERNS0_I8KeypointLi0_20_address0   |  14|          3|   15|         45|
    |p_ZZ23fast_keypoint_detectionRN3hls6streamI7ap_uintILi8EELi0EEERNS0_I8KeypointLi0_20_ce0        |  14|          3|    1|          3|
    |p_ZZ23fast_keypoint_detectionRN3hls6streamI7ap_uintILi8EELi0EEERNS0_I8KeypointLi0_20_we0        |   9|          2|    1|          2|
    |p_ZZ23fast_keypoint_detectionRN3hls6streamI7ap_uintILi8EELi0EEERNS0_I8KeypointLi0_21_address0   |  14|          3|   15|         45|
    |p_ZZ23fast_keypoint_detectionRN3hls6streamI7ap_uintILi8EELi0EEERNS0_I8KeypointLi0_21_ce0        |  14|          3|    1|          3|
    |p_ZZ23fast_keypoint_detectionRN3hls6streamI7ap_uintILi8EELi0EEERNS0_I8KeypointLi0_21_we0        |   9|          2|    1|          2|
    |p_ZZ23fast_keypoint_detectionRN3hls6streamI7ap_uintILi8EELi0EEERNS0_I8KeypointLi0_22_address0   |  14|          3|   15|         45|
    |p_ZZ23fast_keypoint_detectionRN3hls6streamI7ap_uintILi8EELi0EEERNS0_I8KeypointLi0_22_ce0        |  14|          3|    1|          3|
    |p_ZZ23fast_keypoint_detectionRN3hls6streamI7ap_uintILi8EELi0EEERNS0_I8KeypointLi0_22_we0        |   9|          2|    1|          2|
    |p_ZZ23fast_keypoint_detectionRN3hls6streamI7ap_uintILi8EELi0EEERNS0_I8KeypointLi0_23_address0   |  14|          3|   15|         45|
    |p_ZZ23fast_keypoint_detectionRN3hls6streamI7ap_uintILi8EELi0EEERNS0_I8KeypointLi0_23_ce0        |  14|          3|    1|          3|
    |p_ZZ23fast_keypoint_detectionRN3hls6streamI7ap_uintILi8EELi0EEERNS0_I8KeypointLi0_23_we0        |   9|          2|    1|          2|
    |p_ZZ23fast_keypoint_detectionRN3hls6streamI7ap_uintILi8EELi0EEERNS0_I8KeypointLi0_24_address0   |  14|          3|   15|         45|
    |p_ZZ23fast_keypoint_detectionRN3hls6streamI7ap_uintILi8EELi0EEERNS0_I8KeypointLi0_24_ce0        |  14|          3|    1|          3|
    |p_ZZ23fast_keypoint_detectionRN3hls6streamI7ap_uintILi8EELi0EEERNS0_I8KeypointLi0_24_we0        |   9|          2|    1|          2|
    |p_ZZ23fast_keypoint_detectionRN3hls6streamI7ap_uintILi8EELi0EEERNS0_I8KeypointLi0_25_address0   |  14|          3|   15|         45|
    |p_ZZ23fast_keypoint_detectionRN3hls6streamI7ap_uintILi8EELi0EEERNS0_I8KeypointLi0_25_ce0        |  14|          3|    1|          3|
    |p_ZZ23fast_keypoint_detectionRN3hls6streamI7ap_uintILi8EELi0EEERNS0_I8KeypointLi0_25_we0        |   9|          2|    1|          2|
    |p_ZZ23fast_keypoint_detectionRN3hls6streamI7ap_uintILi8EELi0EEERNS0_I8KeypointLi0_26_address0   |  14|          3|   15|         45|
    |p_ZZ23fast_keypoint_detectionRN3hls6streamI7ap_uintILi8EELi0EEERNS0_I8KeypointLi0_26_ce0        |  14|          3|    1|          3|
    |p_ZZ23fast_keypoint_detectionRN3hls6streamI7ap_uintILi8EELi0EEERNS0_I8KeypointLi0_26_we0        |   9|          2|    1|          2|
    |p_ZZ23fast_keypoint_detectionRN3hls6streamI7ap_uintILi8EELi0EEERNS0_I8KeypointLi0_27_address0   |  14|          3|   15|         45|
    |p_ZZ23fast_keypoint_detectionRN3hls6streamI7ap_uintILi8EELi0EEERNS0_I8KeypointLi0_27_ce0        |  14|          3|    1|          3|
    |p_ZZ23fast_keypoint_detectionRN3hls6streamI7ap_uintILi8EELi0EEERNS0_I8KeypointLi0_27_we0        |   9|          2|    1|          2|
    |p_ZZ23fast_keypoint_detectionRN3hls6streamI7ap_uintILi8EELi0EEERNS0_I8KeypointLi0_28_address0   |  14|          3|   15|         45|
    |p_ZZ23fast_keypoint_detectionRN3hls6streamI7ap_uintILi8EELi0EEERNS0_I8KeypointLi0_28_ce0        |  14|          3|    1|          3|
    |p_ZZ23fast_keypoint_detectionRN3hls6streamI7ap_uintILi8EELi0EEERNS0_I8KeypointLi0_28_we0        |   9|          2|    1|          2|
    |p_ZZ23fast_keypoint_detectionRN3hls6streamI7ap_uintILi8EELi0EEERNS0_I8KeypointLi0_29_address0   |  14|          3|   15|         45|
    |p_ZZ23fast_keypoint_detectionRN3hls6streamI7ap_uintILi8EELi0EEERNS0_I8KeypointLi0_29_ce0        |  14|          3|    1|          3|
    |p_ZZ23fast_keypoint_detectionRN3hls6streamI7ap_uintILi8EELi0EEERNS0_I8KeypointLi0_29_we0        |   9|          2|    1|          2|
    |p_ZZ23fast_keypoint_detectionRN3hls6streamI7ap_uintILi8EELi0EEERNS0_I8KeypointLi0_2_address0    |  14|          3|   15|         45|
    |p_ZZ23fast_keypoint_detectionRN3hls6streamI7ap_uintILi8EELi0EEERNS0_I8KeypointLi0_2_ce0         |  14|          3|    1|          3|
    |p_ZZ23fast_keypoint_detectionRN3hls6streamI7ap_uintILi8EELi0EEERNS0_I8KeypointLi0_2_we0         |   9|          2|    1|          2|
    |p_ZZ23fast_keypoint_detectionRN3hls6streamI7ap_uintILi8EELi0EEERNS0_I8KeypointLi0_30_address0   |  14|          3|   15|         45|
    |p_ZZ23fast_keypoint_detectionRN3hls6streamI7ap_uintILi8EELi0EEERNS0_I8KeypointLi0_30_ce0        |  14|          3|    1|          3|
    |p_ZZ23fast_keypoint_detectionRN3hls6streamI7ap_uintILi8EELi0EEERNS0_I8KeypointLi0_30_we0        |   9|          2|    1|          2|
    |p_ZZ23fast_keypoint_detectionRN3hls6streamI7ap_uintILi8EELi0EEERNS0_I8KeypointLi0_31_address0   |  14|          3|   15|         45|
    |p_ZZ23fast_keypoint_detectionRN3hls6streamI7ap_uintILi8EELi0EEERNS0_I8KeypointLi0_31_ce0        |  14|          3|    1|          3|
    |p_ZZ23fast_keypoint_detectionRN3hls6streamI7ap_uintILi8EELi0EEERNS0_I8KeypointLi0_31_we0        |   9|          2|    1|          2|
    |p_ZZ23fast_keypoint_detectionRN3hls6streamI7ap_uintILi8EELi0EEERNS0_I8KeypointLi0_32_address0   |  14|          3|   15|         45|
    |p_ZZ23fast_keypoint_detectionRN3hls6streamI7ap_uintILi8EELi0EEERNS0_I8KeypointLi0_32_ce0        |  14|          3|    1|          3|
    |p_ZZ23fast_keypoint_detectionRN3hls6streamI7ap_uintILi8EELi0EEERNS0_I8KeypointLi0_32_we0        |   9|          2|    1|          2|
    |p_ZZ23fast_keypoint_detectionRN3hls6streamI7ap_uintILi8EELi0EEERNS0_I8KeypointLi0_33_address0   |  14|          3|   15|         45|
    |p_ZZ23fast_keypoint_detectionRN3hls6streamI7ap_uintILi8EELi0EEERNS0_I8KeypointLi0_33_ce0        |  14|          3|    1|          3|
    |p_ZZ23fast_keypoint_detectionRN3hls6streamI7ap_uintILi8EELi0EEERNS0_I8KeypointLi0_33_we0        |   9|          2|    1|          2|
    |p_ZZ23fast_keypoint_detectionRN3hls6streamI7ap_uintILi8EELi0EEERNS0_I8KeypointLi0_34_address0   |  14|          3|   15|         45|
    |p_ZZ23fast_keypoint_detectionRN3hls6streamI7ap_uintILi8EELi0EEERNS0_I8KeypointLi0_34_ce0        |  14|          3|    1|          3|
    |p_ZZ23fast_keypoint_detectionRN3hls6streamI7ap_uintILi8EELi0EEERNS0_I8KeypointLi0_34_we0        |   9|          2|    1|          2|
    |p_ZZ23fast_keypoint_detectionRN3hls6streamI7ap_uintILi8EELi0EEERNS0_I8KeypointLi0_35_address0   |  14|          3|   15|         45|
    |p_ZZ23fast_keypoint_detectionRN3hls6streamI7ap_uintILi8EELi0EEERNS0_I8KeypointLi0_35_ce0        |  14|          3|    1|          3|
    |p_ZZ23fast_keypoint_detectionRN3hls6streamI7ap_uintILi8EELi0EEERNS0_I8KeypointLi0_35_we0        |   9|          2|    1|          2|
    |p_ZZ23fast_keypoint_detectionRN3hls6streamI7ap_uintILi8EELi0EEERNS0_I8KeypointLi0_36_address0   |  14|          3|   15|         45|
    |p_ZZ23fast_keypoint_detectionRN3hls6streamI7ap_uintILi8EELi0EEERNS0_I8KeypointLi0_36_ce0        |  14|          3|    1|          3|
    |p_ZZ23fast_keypoint_detectionRN3hls6streamI7ap_uintILi8EELi0EEERNS0_I8KeypointLi0_36_we0        |   9|          2|    1|          2|
    |p_ZZ23fast_keypoint_detectionRN3hls6streamI7ap_uintILi8EELi0EEERNS0_I8KeypointLi0_37_address0   |  14|          3|   15|         45|
    |p_ZZ23fast_keypoint_detectionRN3hls6streamI7ap_uintILi8EELi0EEERNS0_I8KeypointLi0_37_ce0        |  14|          3|    1|          3|
    |p_ZZ23fast_keypoint_detectionRN3hls6streamI7ap_uintILi8EELi0EEERNS0_I8KeypointLi0_37_we0        |   9|          2|    1|          2|
    |p_ZZ23fast_keypoint_detectionRN3hls6streamI7ap_uintILi8EELi0EEERNS0_I8KeypointLi0_38_address0   |  14|          3|   15|         45|
    |p_ZZ23fast_keypoint_detectionRN3hls6streamI7ap_uintILi8EELi0EEERNS0_I8KeypointLi0_38_ce0        |  14|          3|    1|          3|
    |p_ZZ23fast_keypoint_detectionRN3hls6streamI7ap_uintILi8EELi0EEERNS0_I8KeypointLi0_38_we0        |   9|          2|    1|          2|
    |p_ZZ23fast_keypoint_detectionRN3hls6streamI7ap_uintILi8EELi0EEERNS0_I8KeypointLi0_39_address0   |  14|          3|   15|         45|
    |p_ZZ23fast_keypoint_detectionRN3hls6streamI7ap_uintILi8EELi0EEERNS0_I8KeypointLi0_39_ce0        |  14|          3|    1|          3|
    |p_ZZ23fast_keypoint_detectionRN3hls6streamI7ap_uintILi8EELi0EEERNS0_I8KeypointLi0_39_we0        |   9|          2|    1|          2|
    |p_ZZ23fast_keypoint_detectionRN3hls6streamI7ap_uintILi8EELi0EEERNS0_I8KeypointLi0_3_address0    |  14|          3|   15|         45|
    |p_ZZ23fast_keypoint_detectionRN3hls6streamI7ap_uintILi8EELi0EEERNS0_I8KeypointLi0_3_ce0         |  14|          3|    1|          3|
    |p_ZZ23fast_keypoint_detectionRN3hls6streamI7ap_uintILi8EELi0EEERNS0_I8KeypointLi0_3_we0         |   9|          2|    1|          2|
    |p_ZZ23fast_keypoint_detectionRN3hls6streamI7ap_uintILi8EELi0EEERNS0_I8KeypointLi0_40_address0   |  14|          3|   15|         45|
    |p_ZZ23fast_keypoint_detectionRN3hls6streamI7ap_uintILi8EELi0EEERNS0_I8KeypointLi0_40_ce0        |  14|          3|    1|          3|
    |p_ZZ23fast_keypoint_detectionRN3hls6streamI7ap_uintILi8EELi0EEERNS0_I8KeypointLi0_40_we0        |   9|          2|    1|          2|
    |p_ZZ23fast_keypoint_detectionRN3hls6streamI7ap_uintILi8EELi0EEERNS0_I8KeypointLi0_41_address0   |  14|          3|   15|         45|
    |p_ZZ23fast_keypoint_detectionRN3hls6streamI7ap_uintILi8EELi0EEERNS0_I8KeypointLi0_41_ce0        |  14|          3|    1|          3|
    |p_ZZ23fast_keypoint_detectionRN3hls6streamI7ap_uintILi8EELi0EEERNS0_I8KeypointLi0_41_we0        |   9|          2|    1|          2|
    |p_ZZ23fast_keypoint_detectionRN3hls6streamI7ap_uintILi8EELi0EEERNS0_I8KeypointLi0_42_address0   |  14|          3|   15|         45|
    |p_ZZ23fast_keypoint_detectionRN3hls6streamI7ap_uintILi8EELi0EEERNS0_I8KeypointLi0_42_ce0        |  14|          3|    1|          3|
    |p_ZZ23fast_keypoint_detectionRN3hls6streamI7ap_uintILi8EELi0EEERNS0_I8KeypointLi0_42_we0        |   9|          2|    1|          2|
    |p_ZZ23fast_keypoint_detectionRN3hls6streamI7ap_uintILi8EELi0EEERNS0_I8KeypointLi0_43_address0   |  14|          3|   15|         45|
    |p_ZZ23fast_keypoint_detectionRN3hls6streamI7ap_uintILi8EELi0EEERNS0_I8KeypointLi0_43_ce0        |  14|          3|    1|          3|
    |p_ZZ23fast_keypoint_detectionRN3hls6streamI7ap_uintILi8EELi0EEERNS0_I8KeypointLi0_43_we0        |   9|          2|    1|          2|
    |p_ZZ23fast_keypoint_detectionRN3hls6streamI7ap_uintILi8EELi0EEERNS0_I8KeypointLi0_44_address0   |  14|          3|   15|         45|
    |p_ZZ23fast_keypoint_detectionRN3hls6streamI7ap_uintILi8EELi0EEERNS0_I8KeypointLi0_44_ce0        |  14|          3|    1|          3|
    |p_ZZ23fast_keypoint_detectionRN3hls6streamI7ap_uintILi8EELi0EEERNS0_I8KeypointLi0_44_we0        |   9|          2|    1|          2|
    |p_ZZ23fast_keypoint_detectionRN3hls6streamI7ap_uintILi8EELi0EEERNS0_I8KeypointLi0_45_address0   |  14|          3|   15|         45|
    |p_ZZ23fast_keypoint_detectionRN3hls6streamI7ap_uintILi8EELi0EEERNS0_I8KeypointLi0_45_ce0        |  14|          3|    1|          3|
    |p_ZZ23fast_keypoint_detectionRN3hls6streamI7ap_uintILi8EELi0EEERNS0_I8KeypointLi0_45_we0        |   9|          2|    1|          2|
    |p_ZZ23fast_keypoint_detectionRN3hls6streamI7ap_uintILi8EELi0EEERNS0_I8KeypointLi0_46_address0   |  14|          3|   15|         45|
    |p_ZZ23fast_keypoint_detectionRN3hls6streamI7ap_uintILi8EELi0EEERNS0_I8KeypointLi0_46_ce0        |  14|          3|    1|          3|
    |p_ZZ23fast_keypoint_detectionRN3hls6streamI7ap_uintILi8EELi0EEERNS0_I8KeypointLi0_46_we0        |   9|          2|    1|          2|
    |p_ZZ23fast_keypoint_detectionRN3hls6streamI7ap_uintILi8EELi0EEERNS0_I8KeypointLi0_47_address0   |  14|          3|   15|         45|
    |p_ZZ23fast_keypoint_detectionRN3hls6streamI7ap_uintILi8EELi0EEERNS0_I8KeypointLi0_47_ce0        |  14|          3|    1|          3|
    |p_ZZ23fast_keypoint_detectionRN3hls6streamI7ap_uintILi8EELi0EEERNS0_I8KeypointLi0_47_we0        |   9|          2|    1|          2|
    |p_ZZ23fast_keypoint_detectionRN3hls6streamI7ap_uintILi8EELi0EEERNS0_I8KeypointLi0_48_address0   |  14|          3|   15|         45|
    |p_ZZ23fast_keypoint_detectionRN3hls6streamI7ap_uintILi8EELi0EEERNS0_I8KeypointLi0_48_ce0        |  14|          3|    1|          3|
    |p_ZZ23fast_keypoint_detectionRN3hls6streamI7ap_uintILi8EELi0EEERNS0_I8KeypointLi0_48_we0        |   9|          2|    1|          2|
    |p_ZZ23fast_keypoint_detectionRN3hls6streamI7ap_uintILi8EELi0EEERNS0_I8KeypointLi0_49_address0   |  14|          3|   15|         45|
    |p_ZZ23fast_keypoint_detectionRN3hls6streamI7ap_uintILi8EELi0EEERNS0_I8KeypointLi0_49_ce0        |  14|          3|    1|          3|
    |p_ZZ23fast_keypoint_detectionRN3hls6streamI7ap_uintILi8EELi0EEERNS0_I8KeypointLi0_49_we0        |   9|          2|    1|          2|
    |p_ZZ23fast_keypoint_detectionRN3hls6streamI7ap_uintILi8EELi0EEERNS0_I8KeypointLi0_4_address0    |  14|          3|   15|         45|
    |p_ZZ23fast_keypoint_detectionRN3hls6streamI7ap_uintILi8EELi0EEERNS0_I8KeypointLi0_4_ce0         |  14|          3|    1|          3|
    |p_ZZ23fast_keypoint_detectionRN3hls6streamI7ap_uintILi8EELi0EEERNS0_I8KeypointLi0_4_we0         |   9|          2|    1|          2|
    |p_ZZ23fast_keypoint_detectionRN3hls6streamI7ap_uintILi8EELi0EEERNS0_I8KeypointLi0_50_address0   |  14|          3|   15|         45|
    |p_ZZ23fast_keypoint_detectionRN3hls6streamI7ap_uintILi8EELi0EEERNS0_I8KeypointLi0_50_ce0        |  14|          3|    1|          3|
    |p_ZZ23fast_keypoint_detectionRN3hls6streamI7ap_uintILi8EELi0EEERNS0_I8KeypointLi0_50_we0        |   9|          2|    1|          2|
    |p_ZZ23fast_keypoint_detectionRN3hls6streamI7ap_uintILi8EELi0EEERNS0_I8KeypointLi0_51_address0   |  14|          3|   15|         45|
    |p_ZZ23fast_keypoint_detectionRN3hls6streamI7ap_uintILi8EELi0EEERNS0_I8KeypointLi0_51_ce0        |  14|          3|    1|          3|
    |p_ZZ23fast_keypoint_detectionRN3hls6streamI7ap_uintILi8EELi0EEERNS0_I8KeypointLi0_51_we0        |   9|          2|    1|          2|
    |p_ZZ23fast_keypoint_detectionRN3hls6streamI7ap_uintILi8EELi0EEERNS0_I8KeypointLi0_52_address0   |  14|          3|   15|         45|
    |p_ZZ23fast_keypoint_detectionRN3hls6streamI7ap_uintILi8EELi0EEERNS0_I8KeypointLi0_52_ce0        |  14|          3|    1|          3|
    |p_ZZ23fast_keypoint_detectionRN3hls6streamI7ap_uintILi8EELi0EEERNS0_I8KeypointLi0_52_we0        |   9|          2|    1|          2|
    |p_ZZ23fast_keypoint_detectionRN3hls6streamI7ap_uintILi8EELi0EEERNS0_I8KeypointLi0_53_address0   |  14|          3|   15|         45|
    |p_ZZ23fast_keypoint_detectionRN3hls6streamI7ap_uintILi8EELi0EEERNS0_I8KeypointLi0_53_ce0        |  14|          3|    1|          3|
    |p_ZZ23fast_keypoint_detectionRN3hls6streamI7ap_uintILi8EELi0EEERNS0_I8KeypointLi0_53_we0        |   9|          2|    1|          2|
    |p_ZZ23fast_keypoint_detectionRN3hls6streamI7ap_uintILi8EELi0EEERNS0_I8KeypointLi0_54_address0   |  14|          3|   15|         45|
    |p_ZZ23fast_keypoint_detectionRN3hls6streamI7ap_uintILi8EELi0EEERNS0_I8KeypointLi0_54_ce0        |  14|          3|    1|          3|
    |p_ZZ23fast_keypoint_detectionRN3hls6streamI7ap_uintILi8EELi0EEERNS0_I8KeypointLi0_54_we0        |   9|          2|    1|          2|
    |p_ZZ23fast_keypoint_detectionRN3hls6streamI7ap_uintILi8EELi0EEERNS0_I8KeypointLi0_55_address0   |  14|          3|   15|         45|
    |p_ZZ23fast_keypoint_detectionRN3hls6streamI7ap_uintILi8EELi0EEERNS0_I8KeypointLi0_55_ce0        |  14|          3|    1|          3|
    |p_ZZ23fast_keypoint_detectionRN3hls6streamI7ap_uintILi8EELi0EEERNS0_I8KeypointLi0_55_we0        |   9|          2|    1|          2|
    |p_ZZ23fast_keypoint_detectionRN3hls6streamI7ap_uintILi8EELi0EEERNS0_I8KeypointLi0_56_address0   |  14|          3|   15|         45|
    |p_ZZ23fast_keypoint_detectionRN3hls6streamI7ap_uintILi8EELi0EEERNS0_I8KeypointLi0_56_ce0        |  14|          3|    1|          3|
    |p_ZZ23fast_keypoint_detectionRN3hls6streamI7ap_uintILi8EELi0EEERNS0_I8KeypointLi0_56_we0        |   9|          2|    1|          2|
    |p_ZZ23fast_keypoint_detectionRN3hls6streamI7ap_uintILi8EELi0EEERNS0_I8KeypointLi0_57_address0   |  14|          3|   15|         45|
    |p_ZZ23fast_keypoint_detectionRN3hls6streamI7ap_uintILi8EELi0EEERNS0_I8KeypointLi0_57_ce0        |  14|          3|    1|          3|
    |p_ZZ23fast_keypoint_detectionRN3hls6streamI7ap_uintILi8EELi0EEERNS0_I8KeypointLi0_57_we0        |   9|          2|    1|          2|
    |p_ZZ23fast_keypoint_detectionRN3hls6streamI7ap_uintILi8EELi0EEERNS0_I8KeypointLi0_58_address0   |  14|          3|   15|         45|
    |p_ZZ23fast_keypoint_detectionRN3hls6streamI7ap_uintILi8EELi0EEERNS0_I8KeypointLi0_58_ce0        |  14|          3|    1|          3|
    |p_ZZ23fast_keypoint_detectionRN3hls6streamI7ap_uintILi8EELi0EEERNS0_I8KeypointLi0_58_we0        |   9|          2|    1|          2|
    |p_ZZ23fast_keypoint_detectionRN3hls6streamI7ap_uintILi8EELi0EEERNS0_I8KeypointLi0_59_address0   |  14|          3|   15|         45|
    |p_ZZ23fast_keypoint_detectionRN3hls6streamI7ap_uintILi8EELi0EEERNS0_I8KeypointLi0_59_ce0        |  14|          3|    1|          3|
    |p_ZZ23fast_keypoint_detectionRN3hls6streamI7ap_uintILi8EELi0EEERNS0_I8KeypointLi0_59_we0        |   9|          2|    1|          2|
    |p_ZZ23fast_keypoint_detectionRN3hls6streamI7ap_uintILi8EELi0EEERNS0_I8KeypointLi0_5_address0    |  14|          3|   15|         45|
    |p_ZZ23fast_keypoint_detectionRN3hls6streamI7ap_uintILi8EELi0EEERNS0_I8KeypointLi0_5_ce0         |  14|          3|    1|          3|
    |p_ZZ23fast_keypoint_detectionRN3hls6streamI7ap_uintILi8EELi0EEERNS0_I8KeypointLi0_5_we0         |   9|          2|    1|          2|
    |p_ZZ23fast_keypoint_detectionRN3hls6streamI7ap_uintILi8EELi0EEERNS0_I8KeypointLi0_60_address0   |  14|          3|   15|         45|
    |p_ZZ23fast_keypoint_detectionRN3hls6streamI7ap_uintILi8EELi0EEERNS0_I8KeypointLi0_60_ce0        |  14|          3|    1|          3|
    |p_ZZ23fast_keypoint_detectionRN3hls6streamI7ap_uintILi8EELi0EEERNS0_I8KeypointLi0_60_we0        |   9|          2|    1|          2|
    |p_ZZ23fast_keypoint_detectionRN3hls6streamI7ap_uintILi8EELi0EEERNS0_I8KeypointLi0_61_address0   |  14|          3|   15|         45|
    |p_ZZ23fast_keypoint_detectionRN3hls6streamI7ap_uintILi8EELi0EEERNS0_I8KeypointLi0_61_ce0        |  14|          3|    1|          3|
    |p_ZZ23fast_keypoint_detectionRN3hls6streamI7ap_uintILi8EELi0EEERNS0_I8KeypointLi0_61_we0        |   9|          2|    1|          2|
    |p_ZZ23fast_keypoint_detectionRN3hls6streamI7ap_uintILi8EELi0EEERNS0_I8KeypointLi0_62_address0   |  14|          3|   15|         45|
    |p_ZZ23fast_keypoint_detectionRN3hls6streamI7ap_uintILi8EELi0EEERNS0_I8KeypointLi0_62_ce0        |  14|          3|    1|          3|
    |p_ZZ23fast_keypoint_detectionRN3hls6streamI7ap_uintILi8EELi0EEERNS0_I8KeypointLi0_62_we0        |   9|          2|    1|          2|
    |p_ZZ23fast_keypoint_detectionRN3hls6streamI7ap_uintILi8EELi0EEERNS0_I8KeypointLi0_63_address0   |  14|          3|   15|         45|
    |p_ZZ23fast_keypoint_detectionRN3hls6streamI7ap_uintILi8EELi0EEERNS0_I8KeypointLi0_63_ce0        |  14|          3|    1|          3|
    |p_ZZ23fast_keypoint_detectionRN3hls6streamI7ap_uintILi8EELi0EEERNS0_I8KeypointLi0_63_we0        |   9|          2|    1|          2|
    |p_ZZ23fast_keypoint_detectionRN3hls6streamI7ap_uintILi8EELi0EEERNS0_I8KeypointLi0_64_address0   |  14|          3|   15|         45|
    |p_ZZ23fast_keypoint_detectionRN3hls6streamI7ap_uintILi8EELi0EEERNS0_I8KeypointLi0_64_ce0        |  14|          3|    1|          3|
    |p_ZZ23fast_keypoint_detectionRN3hls6streamI7ap_uintILi8EELi0EEERNS0_I8KeypointLi0_64_we0        |   9|          2|    1|          2|
    |p_ZZ23fast_keypoint_detectionRN3hls6streamI7ap_uintILi8EELi0EEERNS0_I8KeypointLi0_65_address0   |  14|          3|   15|         45|
    |p_ZZ23fast_keypoint_detectionRN3hls6streamI7ap_uintILi8EELi0EEERNS0_I8KeypointLi0_65_ce0        |  14|          3|    1|          3|
    |p_ZZ23fast_keypoint_detectionRN3hls6streamI7ap_uintILi8EELi0EEERNS0_I8KeypointLi0_65_we0        |   9|          2|    1|          2|
    |p_ZZ23fast_keypoint_detectionRN3hls6streamI7ap_uintILi8EELi0EEERNS0_I8KeypointLi0_66_address0   |  14|          3|   15|         45|
    |p_ZZ23fast_keypoint_detectionRN3hls6streamI7ap_uintILi8EELi0EEERNS0_I8KeypointLi0_66_ce0        |  14|          3|    1|          3|
    |p_ZZ23fast_keypoint_detectionRN3hls6streamI7ap_uintILi8EELi0EEERNS0_I8KeypointLi0_66_we0        |   9|          2|    1|          2|
    |p_ZZ23fast_keypoint_detectionRN3hls6streamI7ap_uintILi8EELi0EEERNS0_I8KeypointLi0_67_address0   |  14|          3|   15|         45|
    |p_ZZ23fast_keypoint_detectionRN3hls6streamI7ap_uintILi8EELi0EEERNS0_I8KeypointLi0_67_ce0        |  14|          3|    1|          3|
    |p_ZZ23fast_keypoint_detectionRN3hls6streamI7ap_uintILi8EELi0EEERNS0_I8KeypointLi0_67_we0        |   9|          2|    1|          2|
    |p_ZZ23fast_keypoint_detectionRN3hls6streamI7ap_uintILi8EELi0EEERNS0_I8KeypointLi0_68_address0   |  14|          3|   15|         45|
    |p_ZZ23fast_keypoint_detectionRN3hls6streamI7ap_uintILi8EELi0EEERNS0_I8KeypointLi0_68_ce0        |  14|          3|    1|          3|
    |p_ZZ23fast_keypoint_detectionRN3hls6streamI7ap_uintILi8EELi0EEERNS0_I8KeypointLi0_68_we0        |   9|          2|    1|          2|
    |p_ZZ23fast_keypoint_detectionRN3hls6streamI7ap_uintILi8EELi0EEERNS0_I8KeypointLi0_69_address0   |  14|          3|   15|         45|
    |p_ZZ23fast_keypoint_detectionRN3hls6streamI7ap_uintILi8EELi0EEERNS0_I8KeypointLi0_69_ce0        |  14|          3|    1|          3|
    |p_ZZ23fast_keypoint_detectionRN3hls6streamI7ap_uintILi8EELi0EEERNS0_I8KeypointLi0_69_we0        |   9|          2|    1|          2|
    |p_ZZ23fast_keypoint_detectionRN3hls6streamI7ap_uintILi8EELi0EEERNS0_I8KeypointLi0_6_address0    |  14|          3|   15|         45|
    |p_ZZ23fast_keypoint_detectionRN3hls6streamI7ap_uintILi8EELi0EEERNS0_I8KeypointLi0_6_ce0         |  14|          3|    1|          3|
    |p_ZZ23fast_keypoint_detectionRN3hls6streamI7ap_uintILi8EELi0EEERNS0_I8KeypointLi0_6_we0         |   9|          2|    1|          2|
    |p_ZZ23fast_keypoint_detectionRN3hls6streamI7ap_uintILi8EELi0EEERNS0_I8KeypointLi0_70_address0   |  14|          3|   15|         45|
    |p_ZZ23fast_keypoint_detectionRN3hls6streamI7ap_uintILi8EELi0EEERNS0_I8KeypointLi0_70_ce0        |  14|          3|    1|          3|
    |p_ZZ23fast_keypoint_detectionRN3hls6streamI7ap_uintILi8EELi0EEERNS0_I8KeypointLi0_70_we0        |   9|          2|    1|          2|
    |p_ZZ23fast_keypoint_detectionRN3hls6streamI7ap_uintILi8EELi0EEERNS0_I8KeypointLi0_71_address0   |  14|          3|   15|         45|
    |p_ZZ23fast_keypoint_detectionRN3hls6streamI7ap_uintILi8EELi0EEERNS0_I8KeypointLi0_71_ce0        |  14|          3|    1|          3|
    |p_ZZ23fast_keypoint_detectionRN3hls6streamI7ap_uintILi8EELi0EEERNS0_I8KeypointLi0_71_we0        |   9|          2|    1|          2|
    |p_ZZ23fast_keypoint_detectionRN3hls6streamI7ap_uintILi8EELi0EEERNS0_I8KeypointLi0_72_address0   |  14|          3|   15|         45|
    |p_ZZ23fast_keypoint_detectionRN3hls6streamI7ap_uintILi8EELi0EEERNS0_I8KeypointLi0_72_ce0        |  14|          3|    1|          3|
    |p_ZZ23fast_keypoint_detectionRN3hls6streamI7ap_uintILi8EELi0EEERNS0_I8KeypointLi0_72_we0        |   9|          2|    1|          2|
    |p_ZZ23fast_keypoint_detectionRN3hls6streamI7ap_uintILi8EELi0EEERNS0_I8KeypointLi0_73_address0   |  14|          3|   15|         45|
    |p_ZZ23fast_keypoint_detectionRN3hls6streamI7ap_uintILi8EELi0EEERNS0_I8KeypointLi0_73_ce0        |  14|          3|    1|          3|
    |p_ZZ23fast_keypoint_detectionRN3hls6streamI7ap_uintILi8EELi0EEERNS0_I8KeypointLi0_73_we0        |   9|          2|    1|          2|
    |p_ZZ23fast_keypoint_detectionRN3hls6streamI7ap_uintILi8EELi0EEERNS0_I8KeypointLi0_74_address0   |  14|          3|   15|         45|
    |p_ZZ23fast_keypoint_detectionRN3hls6streamI7ap_uintILi8EELi0EEERNS0_I8KeypointLi0_74_ce0        |  14|          3|    1|          3|
    |p_ZZ23fast_keypoint_detectionRN3hls6streamI7ap_uintILi8EELi0EEERNS0_I8KeypointLi0_74_we0        |   9|          2|    1|          2|
    |p_ZZ23fast_keypoint_detectionRN3hls6streamI7ap_uintILi8EELi0EEERNS0_I8KeypointLi0_75_address0   |  14|          3|   15|         45|
    |p_ZZ23fast_keypoint_detectionRN3hls6streamI7ap_uintILi8EELi0EEERNS0_I8KeypointLi0_75_ce0        |  14|          3|    1|          3|
    |p_ZZ23fast_keypoint_detectionRN3hls6streamI7ap_uintILi8EELi0EEERNS0_I8KeypointLi0_75_we0        |   9|          2|    1|          2|
    |p_ZZ23fast_keypoint_detectionRN3hls6streamI7ap_uintILi8EELi0EEERNS0_I8KeypointLi0_76_address0   |  14|          3|   15|         45|
    |p_ZZ23fast_keypoint_detectionRN3hls6streamI7ap_uintILi8EELi0EEERNS0_I8KeypointLi0_76_ce0        |  14|          3|    1|          3|
    |p_ZZ23fast_keypoint_detectionRN3hls6streamI7ap_uintILi8EELi0EEERNS0_I8KeypointLi0_76_we0        |   9|          2|    1|          2|
    |p_ZZ23fast_keypoint_detectionRN3hls6streamI7ap_uintILi8EELi0EEERNS0_I8KeypointLi0_77_address0   |  14|          3|   15|         45|
    |p_ZZ23fast_keypoint_detectionRN3hls6streamI7ap_uintILi8EELi0EEERNS0_I8KeypointLi0_77_ce0        |  14|          3|    1|          3|
    |p_ZZ23fast_keypoint_detectionRN3hls6streamI7ap_uintILi8EELi0EEERNS0_I8KeypointLi0_77_we0        |   9|          2|    1|          2|
    |p_ZZ23fast_keypoint_detectionRN3hls6streamI7ap_uintILi8EELi0EEERNS0_I8KeypointLi0_78_address0   |  14|          3|   15|         45|
    |p_ZZ23fast_keypoint_detectionRN3hls6streamI7ap_uintILi8EELi0EEERNS0_I8KeypointLi0_78_ce0        |  14|          3|    1|          3|
    |p_ZZ23fast_keypoint_detectionRN3hls6streamI7ap_uintILi8EELi0EEERNS0_I8KeypointLi0_78_we0        |   9|          2|    1|          2|
    |p_ZZ23fast_keypoint_detectionRN3hls6streamI7ap_uintILi8EELi0EEERNS0_I8KeypointLi0_79_address0   |  14|          3|   15|         45|
    |p_ZZ23fast_keypoint_detectionRN3hls6streamI7ap_uintILi8EELi0EEERNS0_I8KeypointLi0_79_ce0        |  14|          3|    1|          3|
    |p_ZZ23fast_keypoint_detectionRN3hls6streamI7ap_uintILi8EELi0EEERNS0_I8KeypointLi0_79_we0        |   9|          2|    1|          2|
    |p_ZZ23fast_keypoint_detectionRN3hls6streamI7ap_uintILi8EELi0EEERNS0_I8KeypointLi0_7_address0    |  14|          3|   15|         45|
    |p_ZZ23fast_keypoint_detectionRN3hls6streamI7ap_uintILi8EELi0EEERNS0_I8KeypointLi0_7_ce0         |  14|          3|    1|          3|
    |p_ZZ23fast_keypoint_detectionRN3hls6streamI7ap_uintILi8EELi0EEERNS0_I8KeypointLi0_7_we0         |   9|          2|    1|          2|
    |p_ZZ23fast_keypoint_detectionRN3hls6streamI7ap_uintILi8EELi0EEERNS0_I8KeypointLi0_80_address0   |  14|          3|   15|         45|
    |p_ZZ23fast_keypoint_detectionRN3hls6streamI7ap_uintILi8EELi0EEERNS0_I8KeypointLi0_80_ce0        |  14|          3|    1|          3|
    |p_ZZ23fast_keypoint_detectionRN3hls6streamI7ap_uintILi8EELi0EEERNS0_I8KeypointLi0_80_we0        |   9|          2|    1|          2|
    |p_ZZ23fast_keypoint_detectionRN3hls6streamI7ap_uintILi8EELi0EEERNS0_I8KeypointLi0_81_address0   |  14|          3|   15|         45|
    |p_ZZ23fast_keypoint_detectionRN3hls6streamI7ap_uintILi8EELi0EEERNS0_I8KeypointLi0_81_ce0        |  14|          3|    1|          3|
    |p_ZZ23fast_keypoint_detectionRN3hls6streamI7ap_uintILi8EELi0EEERNS0_I8KeypointLi0_81_we0        |   9|          2|    1|          2|
    |p_ZZ23fast_keypoint_detectionRN3hls6streamI7ap_uintILi8EELi0EEERNS0_I8KeypointLi0_82_address0   |  14|          3|   15|         45|
    |p_ZZ23fast_keypoint_detectionRN3hls6streamI7ap_uintILi8EELi0EEERNS0_I8KeypointLi0_82_ce0        |  14|          3|    1|          3|
    |p_ZZ23fast_keypoint_detectionRN3hls6streamI7ap_uintILi8EELi0EEERNS0_I8KeypointLi0_82_we0        |   9|          2|    1|          2|
    |p_ZZ23fast_keypoint_detectionRN3hls6streamI7ap_uintILi8EELi0EEERNS0_I8KeypointLi0_83_address0   |  14|          3|   15|         45|
    |p_ZZ23fast_keypoint_detectionRN3hls6streamI7ap_uintILi8EELi0EEERNS0_I8KeypointLi0_83_ce0        |  14|          3|    1|          3|
    |p_ZZ23fast_keypoint_detectionRN3hls6streamI7ap_uintILi8EELi0EEERNS0_I8KeypointLi0_83_we0        |   9|          2|    1|          2|
    |p_ZZ23fast_keypoint_detectionRN3hls6streamI7ap_uintILi8EELi0EEERNS0_I8KeypointLi0_84_address0   |  14|          3|   15|         45|
    |p_ZZ23fast_keypoint_detectionRN3hls6streamI7ap_uintILi8EELi0EEERNS0_I8KeypointLi0_84_ce0        |  14|          3|    1|          3|
    |p_ZZ23fast_keypoint_detectionRN3hls6streamI7ap_uintILi8EELi0EEERNS0_I8KeypointLi0_84_we0        |   9|          2|    1|          2|
    |p_ZZ23fast_keypoint_detectionRN3hls6streamI7ap_uintILi8EELi0EEERNS0_I8KeypointLi0_85_address0   |  14|          3|   15|         45|
    |p_ZZ23fast_keypoint_detectionRN3hls6streamI7ap_uintILi8EELi0EEERNS0_I8KeypointLi0_85_ce0        |  14|          3|    1|          3|
    |p_ZZ23fast_keypoint_detectionRN3hls6streamI7ap_uintILi8EELi0EEERNS0_I8KeypointLi0_85_we0        |   9|          2|    1|          2|
    |p_ZZ23fast_keypoint_detectionRN3hls6streamI7ap_uintILi8EELi0EEERNS0_I8KeypointLi0_86_address0   |  14|          3|   15|         45|
    |p_ZZ23fast_keypoint_detectionRN3hls6streamI7ap_uintILi8EELi0EEERNS0_I8KeypointLi0_86_ce0        |  14|          3|    1|          3|
    |p_ZZ23fast_keypoint_detectionRN3hls6streamI7ap_uintILi8EELi0EEERNS0_I8KeypointLi0_86_we0        |   9|          2|    1|          2|
    |p_ZZ23fast_keypoint_detectionRN3hls6streamI7ap_uintILi8EELi0EEERNS0_I8KeypointLi0_87_address0   |  14|          3|   15|         45|
    |p_ZZ23fast_keypoint_detectionRN3hls6streamI7ap_uintILi8EELi0EEERNS0_I8KeypointLi0_87_ce0        |  14|          3|    1|          3|
    |p_ZZ23fast_keypoint_detectionRN3hls6streamI7ap_uintILi8EELi0EEERNS0_I8KeypointLi0_87_we0        |   9|          2|    1|          2|
    |p_ZZ23fast_keypoint_detectionRN3hls6streamI7ap_uintILi8EELi0EEERNS0_I8KeypointLi0_88_address0   |  14|          3|   15|         45|
    |p_ZZ23fast_keypoint_detectionRN3hls6streamI7ap_uintILi8EELi0EEERNS0_I8KeypointLi0_88_ce0        |  14|          3|    1|          3|
    |p_ZZ23fast_keypoint_detectionRN3hls6streamI7ap_uintILi8EELi0EEERNS0_I8KeypointLi0_88_we0        |   9|          2|    1|          2|
    |p_ZZ23fast_keypoint_detectionRN3hls6streamI7ap_uintILi8EELi0EEERNS0_I8KeypointLi0_89_address0   |  14|          3|   15|         45|
    |p_ZZ23fast_keypoint_detectionRN3hls6streamI7ap_uintILi8EELi0EEERNS0_I8KeypointLi0_89_ce0        |  14|          3|    1|          3|
    |p_ZZ23fast_keypoint_detectionRN3hls6streamI7ap_uintILi8EELi0EEERNS0_I8KeypointLi0_89_we0        |   9|          2|    1|          2|
    |p_ZZ23fast_keypoint_detectionRN3hls6streamI7ap_uintILi8EELi0EEERNS0_I8KeypointLi0_8_address0    |  14|          3|   15|         45|
    |p_ZZ23fast_keypoint_detectionRN3hls6streamI7ap_uintILi8EELi0EEERNS0_I8KeypointLi0_8_ce0         |  14|          3|    1|          3|
    |p_ZZ23fast_keypoint_detectionRN3hls6streamI7ap_uintILi8EELi0EEERNS0_I8KeypointLi0_8_we0         |   9|          2|    1|          2|
    |p_ZZ23fast_keypoint_detectionRN3hls6streamI7ap_uintILi8EELi0EEERNS0_I8KeypointLi0_90_address0   |  14|          3|   15|         45|
    |p_ZZ23fast_keypoint_detectionRN3hls6streamI7ap_uintILi8EELi0EEERNS0_I8KeypointLi0_90_ce0        |  14|          3|    1|          3|
    |p_ZZ23fast_keypoint_detectionRN3hls6streamI7ap_uintILi8EELi0EEERNS0_I8KeypointLi0_90_we0        |   9|          2|    1|          2|
    |p_ZZ23fast_keypoint_detectionRN3hls6streamI7ap_uintILi8EELi0EEERNS0_I8KeypointLi0_91_address0   |  14|          3|   15|         45|
    |p_ZZ23fast_keypoint_detectionRN3hls6streamI7ap_uintILi8EELi0EEERNS0_I8KeypointLi0_91_ce0        |  14|          3|    1|          3|
    |p_ZZ23fast_keypoint_detectionRN3hls6streamI7ap_uintILi8EELi0EEERNS0_I8KeypointLi0_91_we0        |   9|          2|    1|          2|
    |p_ZZ23fast_keypoint_detectionRN3hls6streamI7ap_uintILi8EELi0EEERNS0_I8KeypointLi0_92_address0   |  14|          3|   15|         45|
    |p_ZZ23fast_keypoint_detectionRN3hls6streamI7ap_uintILi8EELi0EEERNS0_I8KeypointLi0_92_ce0        |  14|          3|    1|          3|
    |p_ZZ23fast_keypoint_detectionRN3hls6streamI7ap_uintILi8EELi0EEERNS0_I8KeypointLi0_92_we0        |   9|          2|    1|          2|
    |p_ZZ23fast_keypoint_detectionRN3hls6streamI7ap_uintILi8EELi0EEERNS0_I8KeypointLi0_93_address0   |  14|          3|   15|         45|
    |p_ZZ23fast_keypoint_detectionRN3hls6streamI7ap_uintILi8EELi0EEERNS0_I8KeypointLi0_93_ce0        |  14|          3|    1|          3|
    |p_ZZ23fast_keypoint_detectionRN3hls6streamI7ap_uintILi8EELi0EEERNS0_I8KeypointLi0_93_we0        |   9|          2|    1|          2|
    |p_ZZ23fast_keypoint_detectionRN3hls6streamI7ap_uintILi8EELi0EEERNS0_I8KeypointLi0_94_address0   |  14|          3|   15|         45|
    |p_ZZ23fast_keypoint_detectionRN3hls6streamI7ap_uintILi8EELi0EEERNS0_I8KeypointLi0_94_ce0        |  14|          3|    1|          3|
    |p_ZZ23fast_keypoint_detectionRN3hls6streamI7ap_uintILi8EELi0EEERNS0_I8KeypointLi0_94_we0        |   9|          2|    1|          2|
    |p_ZZ23fast_keypoint_detectionRN3hls6streamI7ap_uintILi8EELi0EEERNS0_I8KeypointLi0_95_address0   |  14|          3|   15|         45|
    |p_ZZ23fast_keypoint_detectionRN3hls6streamI7ap_uintILi8EELi0EEERNS0_I8KeypointLi0_95_ce0        |  14|          3|    1|          3|
    |p_ZZ23fast_keypoint_detectionRN3hls6streamI7ap_uintILi8EELi0EEERNS0_I8KeypointLi0_95_we0        |   9|          2|    1|          2|
    |p_ZZ23fast_keypoint_detectionRN3hls6streamI7ap_uintILi8EELi0EEERNS0_I8KeypointLi0_96_address0   |  14|          3|   15|         45|
    |p_ZZ23fast_keypoint_detectionRN3hls6streamI7ap_uintILi8EELi0EEERNS0_I8KeypointLi0_96_ce0        |  14|          3|    1|          3|
    |p_ZZ23fast_keypoint_detectionRN3hls6streamI7ap_uintILi8EELi0EEERNS0_I8KeypointLi0_96_we0        |   9|          2|    1|          2|
    |p_ZZ23fast_keypoint_detectionRN3hls6streamI7ap_uintILi8EELi0EEERNS0_I8KeypointLi0_97_address0   |  14|          3|   15|         45|
    |p_ZZ23fast_keypoint_detectionRN3hls6streamI7ap_uintILi8EELi0EEERNS0_I8KeypointLi0_97_ce0        |  14|          3|    1|          3|
    |p_ZZ23fast_keypoint_detectionRN3hls6streamI7ap_uintILi8EELi0EEERNS0_I8KeypointLi0_97_we0        |   9|          2|    1|          2|
    |p_ZZ23fast_keypoint_detectionRN3hls6streamI7ap_uintILi8EELi0EEERNS0_I8KeypointLi0_98_address0   |  14|          3|   15|         45|
    |p_ZZ23fast_keypoint_detectionRN3hls6streamI7ap_uintILi8EELi0EEERNS0_I8KeypointLi0_98_ce0        |  14|          3|    1|          3|
    |p_ZZ23fast_keypoint_detectionRN3hls6streamI7ap_uintILi8EELi0EEERNS0_I8KeypointLi0_98_we0        |   9|          2|    1|          2|
    |p_ZZ23fast_keypoint_detectionRN3hls6streamI7ap_uintILi8EELi0EEERNS0_I8KeypointLi0_99_address0   |  14|          3|   15|         45|
    |p_ZZ23fast_keypoint_detectionRN3hls6streamI7ap_uintILi8EELi0EEERNS0_I8KeypointLi0_99_ce0        |  14|          3|    1|          3|
    |p_ZZ23fast_keypoint_detectionRN3hls6streamI7ap_uintILi8EELi0EEERNS0_I8KeypointLi0_99_we0        |   9|          2|    1|          2|
    |p_ZZ23fast_keypoint_detectionRN3hls6streamI7ap_uintILi8EELi0EEERNS0_I8KeypointLi0_9_address0    |  14|          3|   15|         45|
    |p_ZZ23fast_keypoint_detectionRN3hls6streamI7ap_uintILi8EELi0EEERNS0_I8KeypointLi0_9_ce0         |  14|          3|    1|          3|
    |p_ZZ23fast_keypoint_detectionRN3hls6streamI7ap_uintILi8EELi0EEERNS0_I8KeypointLi0_9_we0         |   9|          2|    1|          2|
    |p_ZZ23fast_keypoint_detectionRN3hls6streamI7ap_uintILi8EELi0EEERNS0_I8KeypointLi0_address0      |  14|          3|   15|         45|
    |p_ZZ23fast_keypoint_detectionRN3hls6streamI7ap_uintILi8EELi0EEERNS0_I8KeypointLi0_ce0           |  14|          3|    1|          3|
    |p_ZZ23fast_keypoint_detectionRN3hls6streamI7ap_uintILi8EELi0EEERNS0_I8KeypointLi0_we0           |   9|          2|    1|          2|
    +------------------------------------------------------------------------------------------------+----+-----------+-----+-----------+
    |Total                                                                                           |4199|        907| 1938|       5673|
    +------------------------------------------------------------------------------------------------+----+-----------+-----+-----------+

    * Register: 
    +---------------------------------------------------------------------------------------------+----+----+-----+-----------+
    |                                             Name                                            | FF | LUT| Bits| Const Bits|
    +---------------------------------------------------------------------------------------------+----+----+-----+-----------+
    |add_ln30_reg_880                                                                             |  12|   0|   12|          0|
    |ap_CS_fsm                                                                                    |   6|   0|    6|          0|
    |grp_fast_keypoint_detection_Pipeline_image_load_VITIS_LOOP_22_1_fu_296_ap_start_reg          |   1|   0|    1|          0|
    |grp_fast_keypoint_detection_Pipeline_keypoint_detection_VITIS_LOOP_31_2_fu_528_ap_start_reg  |   1|   0|    1|          0|
    |height_read_reg_870                                                                          |  11|   0|   11|          0|
    |keypoint_stream_TDATA_reg                                                                    |  32|   0|   32|          0|
    |mul_ln30_reg_895                                                                             |  24|   0|   24|          0|
    |mul_ln4_reg_875                                                                              |  22|   0|   22|          0|
    |select_ln30_1_reg_890                                                                        |  12|   0|   12|          0|
    |select_ln30_reg_885                                                                          |  12|   0|   12|          0|
    |width_read_reg_864                                                                           |  11|   0|   11|          0|
    +---------------------------------------------------------------------------------------------+----+----+-----+-----------+
    |Total                                                                                        | 144|   0|  144|          0|
    +---------------------------------------------------------------------------------------------+----+----+-----+-----------+



================================================================
== Interface
================================================================
* Summary: 
+------------------------+-----+-----+------------+-------------------------+--------------+
|        RTL Ports       | Dir | Bits|  Protocol  |      Source Object      |    C Type    |
+------------------------+-----+-----+------------+-------------------------+--------------+
|s_axi_control_AWVALID   |   in|    1|       s_axi|                  control|        scalar|
|s_axi_control_AWREADY   |  out|    1|       s_axi|                  control|        scalar|
|s_axi_control_AWADDR    |   in|    5|       s_axi|                  control|        scalar|
|s_axi_control_WVALID    |   in|    1|       s_axi|                  control|        scalar|
|s_axi_control_WREADY    |  out|    1|       s_axi|                  control|        scalar|
|s_axi_control_WDATA     |   in|   32|       s_axi|                  control|        scalar|
|s_axi_control_WSTRB     |   in|    4|       s_axi|                  control|        scalar|
|s_axi_control_ARVALID   |   in|    1|       s_axi|                  control|        scalar|
|s_axi_control_ARREADY   |  out|    1|       s_axi|                  control|        scalar|
|s_axi_control_ARADDR    |   in|    5|       s_axi|                  control|        scalar|
|s_axi_control_RVALID    |  out|    1|       s_axi|                  control|        scalar|
|s_axi_control_RREADY    |   in|    1|       s_axi|                  control|        scalar|
|s_axi_control_RDATA     |  out|   32|       s_axi|                  control|        scalar|
|s_axi_control_RRESP     |  out|    2|       s_axi|                  control|        scalar|
|s_axi_control_BVALID    |  out|    1|       s_axi|                  control|        scalar|
|s_axi_control_BREADY    |   in|    1|       s_axi|                  control|        scalar|
|s_axi_control_BRESP     |  out|    2|       s_axi|                  control|        scalar|
|ap_clk                  |   in|    1|  ap_ctrl_hs|  fast_keypoint_detection|  return value|
|ap_rst_n                |   in|    1|  ap_ctrl_hs|  fast_keypoint_detection|  return value|
|ap_start                |   in|    1|  ap_ctrl_hs|  fast_keypoint_detection|  return value|
|ap_done                 |  out|    1|  ap_ctrl_hs|  fast_keypoint_detection|  return value|
|ap_idle                 |  out|    1|  ap_ctrl_hs|  fast_keypoint_detection|  return value|
|ap_ready                |  out|    1|  ap_ctrl_hs|  fast_keypoint_detection|  return value|
|input_stream_TDATA      |   in|    8|        axis|             input_stream|       pointer|
|input_stream_TVALID     |   in|    1|        axis|             input_stream|       pointer|
|input_stream_TREADY     |  out|    1|        axis|             input_stream|       pointer|
|keypoint_stream_TDATA   |  out|   32|        axis|          keypoint_stream|       pointer|
|keypoint_stream_TVALID  |  out|    1|        axis|          keypoint_stream|       pointer|
|keypoint_stream_TREADY  |   in|    1|        axis|          keypoint_stream|       pointer|
+------------------------+-----+-----+------------+-------------------------+--------------+

